{"level":"info","ts":"2025-08-11T20:21:24.437+0800","caller":"embed/etcd.go:124","msg":"configuring peer listeners","listen-peer-urls":["http://localhost:2380"]}
{"level":"info","ts":"2025-08-11T20:21:24.454+0800","caller":"embed/etcd.go:132","msg":"configuring client listeners","listen-client-urls":["http://localhost:2379"]}
{"level":"info","ts":"2025-08-11T20:21:24.456+0800","caller":"embed/etcd.go:306","msg":"starting an etcd server","etcd-version":"3.5.5","git-sha":"Not provided (use ./build instead of go build)","go-version":"go1.18","go-os":"windows","go-arch":"amd64","max-cpu-set":8,"max-cpu-available":8,"member-initialized":false,"name":"default","data-dir":"E:\\ZhiJiang\\Code\\2_DifyRelated\\Milvus_db\\data\\etcd.data","wal-dir":"","wal-dir-dedicated":"","member-dir":"E:\\ZhiJiang\\Code\\2_DifyRelated\\Milvus_db\\data\\etcd.data\\member","force-new-cluster":false,"heartbeat-interval":"100ms","election-timeout":"1s","initial-election-tick-advance":true,"snapshot-count":100000,"snapshot-catchup-entries":5000,"initial-advertise-peer-urls":["http://localhost:2380"],"listen-peer-urls":["http://localhost:2380"],"advertise-client-urls":["http://localhost:2379"],"listen-client-urls":["http://localhost:2379"],"listen-metrics-urls":[],"cors":["*"],"host-whitelist":["*"],"initial-cluster":"default=http://localhost:2380","initial-cluster-state":"new","initial-cluster-token":"etcd-cluster","quota-backend-bytes":2147483648,"max-request-bytes":1572864,"max-concurrent-streams":4294967295,"pre-vote":true,"initial-corrupt-check":false,"corrupt-check-time-interval":"0s","compact-check-time-enabled":false,"compact-check-time-interval":"1m0s","auto-compaction-mode":"","auto-compaction-retention":"0s","auto-compaction-interval":"0s","discovery-url":"","discovery-proxy":"","downgrade-check-interval":"5s"}
{"level":"info","ts":"2025-08-11T20:21:24.470+0800","caller":"etcdserver/backend.go:81","msg":"opened backend db","path":"E:\\ZhiJiang\\Code\\2_DifyRelated\\Milvus_db\\data\\etcd.data\\member\\snap\\db","took":"3.7968ms"}
{"level":"info","ts":"2025-08-11T20:21:24.481+0800","caller":"wal/wal.go:281","msg":"closing WAL to release flock and retry directory renaming","from":"E:\\ZhiJiang\\Code\\2_DifyRelated\\Milvus_db\\data\\etcd.data\\member\\wal.tmp","to":"E:\\ZhiJiang\\Code\\2_DifyRelated\\Milvus_db\\data\\etcd.data\\member\\wal"}
{"level":"info","ts":"2025-08-11T20:21:24.491+0800","caller":"etcdserver/raft.go:494","msg":"starting local member","local-member-id":"8e9e05c52164694d","cluster-id":"cdf818194e3a8c32"}
{"level":"info","ts":"2025-08-11T20:21:24.491+0800","logger":"raft","caller":"etcdserver/zap_raft.go:77","msg":"8e9e05c52164694d switched to configuration voters=()"}
{"level":"info","ts":"2025-08-11T20:21:24.491+0800","logger":"raft","caller":"etcdserver/zap_raft.go:77","msg":"8e9e05c52164694d became follower at term 0"}
{"level":"info","ts":"2025-08-11T20:21:24.491+0800","logger":"raft","caller":"etcdserver/zap_raft.go:77","msg":"newRaft 8e9e05c52164694d [peers: [], term: 0, commit: 0, applied: 0, lastindex: 0, lastterm: 0]"}
{"level":"info","ts":"2025-08-11T20:21:24.491+0800","logger":"raft","caller":"etcdserver/zap_raft.go:77","msg":"8e9e05c52164694d became follower at term 1"}
{"level":"info","ts":"2025-08-11T20:21:24.491+0800","logger":"raft","caller":"etcdserver/zap_raft.go:77","msg":"8e9e05c52164694d switched to configuration voters=(10276657743932975437)"}
{"level":"warn","ts":"2025-08-11T20:21:24.504+0800","caller":"auth/store.go:1233","msg":"simple token is not cryptographically signed"}
{"level":"info","ts":"2025-08-11T20:21:24.509+0800","caller":"mvcc/kvstore.go:393","msg":"kvstore restored","current-rev":1}
{"level":"info","ts":"2025-08-11T20:21:24.516+0800","caller":"etcdserver/quota.go:94","msg":"enabled backend quota with default value","quota-name":"v3-applier","quota-size-bytes":2147483648,"quota-size":"2.1 GB"}
{"level":"info","ts":"2025-08-11T20:21:24.521+0800","caller":"etcdserver/server.go:854","msg":"starting etcd server","local-member-id":"8e9e05c52164694d","local-server-version":"3.5.5","cluster-version":"to_be_decided"}
{"level":"warn","ts":"2025-08-11T20:21:24.522+0800","caller":"etcdserver/metrics.go:224","msg":"failed to get file descriptor usage","error":"cannot get FDUsage on windows"}
{"level":"info","ts":"2025-08-11T20:21:24.522+0800","caller":"etcdserver/server.go:738","msg":"started as single-node; fast-forwarding election ticks","local-member-id":"8e9e05c52164694d","forward-ticks":9,"forward-duration":"900ms","election-ticks":10,"election-timeout":"1s"}
{"level":"info","ts":"2025-08-11T20:21:24.526+0800","logger":"raft","caller":"etcdserver/zap_raft.go:77","msg":"8e9e05c52164694d switched to configuration voters=(10276657743932975437)"}
{"level":"info","ts":"2025-08-11T20:21:24.526+0800","caller":"embed/etcd.go:275","msg":"now serving peer/client/metrics","local-member-id":"8e9e05c52164694d","initial-advertise-peer-urls":["http://localhost:2380"],"listen-peer-urls":["http://localhost:2380"],"advertise-client-urls":["http://localhost:2379"],"listen-client-urls":["http://localhost:2379"],"listen-metrics-urls":[]}
{"level":"info","ts":"2025-08-11T20:21:24.526+0800","caller":"embed/etcd.go:584","msg":"serving peer traffic","address":"127.0.0.1:2380"}
{"level":"info","ts":"2025-08-11T20:21:24.526+0800","caller":"embed/etcd.go:556","msg":"cmux::serve","address":"127.0.0.1:2380"}
{"level":"info","ts":"2025-08-11T20:21:24.526+0800","caller":"membership/cluster.go:421","msg":"added member","cluster-id":"cdf818194e3a8c32","local-member-id":"8e9e05c52164694d","added-peer-id":"8e9e05c52164694d","added-peer-peer-urls":["http://localhost:2380"]}
{"level":"info","ts":"2025-08-11T20:21:24.817+0800","logger":"raft","caller":"etcdserver/zap_raft.go:77","msg":"8e9e05c52164694d no leader at term 1; dropping index reading msg"}
{"level":"info","ts":"2025-08-11T20:21:25.309+0800","logger":"raft","caller":"etcdserver/zap_raft.go:77","msg":"8e9e05c52164694d is starting a new election at term 1"}
{"level":"info","ts":"2025-08-11T20:21:25.309+0800","logger":"raft","caller":"etcdserver/zap_raft.go:77","msg":"8e9e05c52164694d became pre-candidate at term 1"}
{"level":"info","ts":"2025-08-11T20:21:25.309+0800","logger":"raft","caller":"etcdserver/zap_raft.go:77","msg":"8e9e05c52164694d received MsgPreVoteResp from 8e9e05c52164694d at term 1"}
{"level":"info","ts":"2025-08-11T20:21:25.309+0800","logger":"raft","caller":"etcdserver/zap_raft.go:77","msg":"8e9e05c52164694d became candidate at term 2"}
{"level":"info","ts":"2025-08-11T20:21:25.309+0800","logger":"raft","caller":"etcdserver/zap_raft.go:77","msg":"8e9e05c52164694d received MsgVoteResp from 8e9e05c52164694d at term 2"}
{"level":"info","ts":"2025-08-11T20:21:25.309+0800","logger":"raft","caller":"etcdserver/zap_raft.go:77","msg":"8e9e05c52164694d became leader at term 2"}
{"level":"info","ts":"2025-08-11T20:21:25.309+0800","logger":"raft","caller":"etcdserver/zap_raft.go:77","msg":"raft.node: 8e9e05c52164694d elected leader 8e9e05c52164694d at term 2"}
{"level":"warn","ts":"2025-08-11T20:21:25.313+0800","caller":"etcdserver/util.go:166","msg":"apply request took too long","took":"494.4491ms","expected-duration":"100ms","prefix":"read-only range ","request":"key:\"health\" ","response":"","error":"etcdserver: leader changed"}
{"level":"info","ts":"2025-08-11T20:21:25.314+0800","caller":"traceutil/trace.go:171","msg":"trace[727817727] range","detail":"{range_begin:health; range_end:; }","duration":"496.4518ms","start":"2025-08-11T20:21:24.817+0800","end":"2025-08-11T20:21:25.314+0800","steps":["trace[727817727] 'agreement among raft nodes before linearized reading'  (duration: 494.4491ms)"],"step_count":1}
{"level":"info","ts":"2025-08-11T20:21:25.327+0800","caller":"etcdserver/server.go:2563","msg":"setting up initial cluster version using v2 API","cluster-version":"3.5"}
{"level":"warn","ts":"2025-08-11T20:21:25.336+0800","caller":"etcdserver/util.go:166","msg":"apply request took too long","took":"432.7604ms","expected-duration":"100ms","prefix":"read-only range ","request":"key:\"health\" ","response":"range_response_count:0 size:4"}
{"level":"info","ts":"2025-08-11T20:21:25.336+0800","caller":"traceutil/trace.go:171","msg":"trace[190992388] range","detail":"{range_begin:health; range_end:; response_count:0; response_revision:1; }","duration":"432.7604ms","start":"2025-08-11T20:21:24.903+0800","end":"2025-08-11T20:21:25.336+0800","steps":["trace[190992388] 'agreement among raft nodes before linearized reading'  (duration: 431.7589ms)"],"step_count":1}
{"level":"warn","ts":"2025-08-11T20:21:25.336+0800","caller":"etcdserver/util.go:166","msg":"apply request took too long","took":"368.9033ms","expected-duration":"100ms","prefix":"read-only range ","request":"key:\"health\" ","response":"range_response_count:0 size:4"}
{"level":"info","ts":"2025-08-11T20:21:25.336+0800","caller":"traceutil/trace.go:171","msg":"trace[17212539] range","detail":"{range_begin:health; range_end:; response_count:0; response_revision:1; }","duration":"368.9033ms","start":"2025-08-11T20:21:24.967+0800","end":"2025-08-11T20:21:25.336+0800","steps":["trace[17212539] 'agreement among raft nodes before linearized reading'  (duration: 368.3945ms)"],"step_count":1}
{"level":"warn","ts":"2025-08-11T20:21:25.336+0800","caller":"etcdserver/util.go:166","msg":"apply request took too long","took":"318.2886ms","expected-duration":"100ms","prefix":"read-only range ","request":"key:\"health\" ","response":"range_response_count:0 size:4"}
{"level":"info","ts":"2025-08-11T20:21:25.360+0800","caller":"traceutil/trace.go:171","msg":"trace[228978947] range","detail":"{range_begin:health; range_end:; response_count:0; response_revision:1; }","duration":"342.2777ms","start":"2025-08-11T20:21:25.017+0800","end":"2025-08-11T20:21:25.360+0800","steps":["trace[228978947] 'agreement among raft nodes before linearized reading'  (duration: 318.2886ms)"],"step_count":1}
{"level":"info","ts":"2025-08-11T20:21:25.336+0800","caller":"etcdserver/server.go:2054","msg":"published local member to cluster through raft","local-member-id":"8e9e05c52164694d","local-member-attributes":"{Name:default ClientURLs:[http://localhost:2379]}","request-path":"/0/members/8e9e05c52164694d/attributes","cluster-id":"cdf818194e3a8c32","publish-timeout":"7s"}
{"level":"info","ts":"2025-08-11T20:21:25.336+0800","caller":"embed/serve.go:100","msg":"ready to serve client requests"}
{"level":"info","ts":"2025-08-11T20:21:25.362+0800","caller":"embed/serve.go:146","msg":"serving client traffic insecurely; this is strongly discouraged!","address":"127.0.0.1:2379"}
{"level":"warn","ts":"2025-08-11T20:21:25.336+0800","caller":"etcdserver/util.go:166","msg":"apply request took too long","took":"211.3206ms","expected-duration":"100ms","prefix":"read-only range ","request":"key:\"health\" ","response":"range_response_count:0 size:4"}
{"level":"info","ts":"2025-08-11T20:21:25.362+0800","caller":"traceutil/trace.go:171","msg":"trace[1622652249] range","detail":"{range_begin:health; range_end:; response_count:0; response_revision:1; }","duration":"237.3217ms","start":"2025-08-11T20:21:25.124+0800","end":"2025-08-11T20:21:25.362+0800","steps":["trace[1622652249] 'agreement among raft nodes before linearized reading'  (duration: 211.3206ms)"],"step_count":1}
{"level":"warn","ts":"2025-08-11T20:21:25.336+0800","caller":"etcdserver/util.go:166","msg":"apply request took too long","took":"305.7034ms","expected-duration":"100ms","prefix":"read-only range ","request":"key:\"health\" ","response":"range_response_count:0 size:4"}
{"level":"info","ts":"2025-08-11T20:21:25.383+0800","caller":"traceutil/trace.go:171","msg":"trace[1473409556] range","detail":"{range_begin:health; range_end:; response_count:0; response_revision:1; }","duration":"352.8293ms","start":"2025-08-11T20:21:25.030+0800","end":"2025-08-11T20:21:25.383+0800","steps":["trace[1473409556] 'agreement among raft nodes before linearized reading'  (duration: 305.7034ms)"],"step_count":1}
{"level":"info","ts":"2025-08-11T20:21:25.336+0800","caller":"membership/cluster.go:584","msg":"set initial cluster version","cluster-id":"cdf818194e3a8c32","local-member-id":"8e9e05c52164694d","cluster-version":"3.5"}
{"level":"info","ts":"2025-08-11T20:21:25.383+0800","caller":"api/capability.go:75","msg":"enabled capabilities for version","cluster-version":"3.5"}
{"level":"info","ts":"2025-08-11T20:21:25.383+0800","caller":"etcdserver/server.go:2587","msg":"cluster version is updated","cluster-version":"3.5"}
{"level":"warn","ts":"2025-08-11T20:21:25.336+0800","caller":"etcdserver/util.go:166","msg":"apply request took too long","took":"390.0061ms","expected-duration":"100ms","prefix":"read-only range ","request":"key:\"health\" ","response":"range_response_count:0 size:4"}
{"level":"info","ts":"2025-08-11T20:21:25.384+0800","caller":"traceutil/trace.go:171","msg":"trace[1393388733] range","detail":"{range_begin:health; range_end:; response_count:0; response_revision:1; }","duration":"437.6209ms","start":"2025-08-11T20:21:24.946+0800","end":"2025-08-11T20:21:25.384+0800","steps":["trace[1393388733] 'agreement among raft nodes before linearized reading'  (duration: 390.0061ms)"],"step_count":1}
{"level":"warn","ts":"2025-08-11T20:21:25.336+0800","caller":"etcdserver/util.go:166","msg":"apply request took too long","took":"321.756ms","expected-duration":"100ms","prefix":"read-only range ","request":"key:\"health\" ","response":"range_response_count:0 size:4"}
{"level":"info","ts":"2025-08-11T20:21:25.410+0800","caller":"traceutil/trace.go:171","msg":"trace[267167876] range","detail":"{range_begin:health; range_end:; response_count:0; response_revision:1; }","duration":"395.2381ms","start":"2025-08-11T20:21:25.014+0800","end":"2025-08-11T20:21:25.410+0800","steps":["trace[267167876] 'agreement among raft nodes before linearized reading'  (duration: 321.756ms)"],"step_count":1}
