[2025/08/11 20:21:24.074 +08:00] [INFO] [paramtable/quota_param.go:787] ["init disk quota"] [diskQuota(MB)=+inf]
[2025/08/11 20:21:24.143 +08:00] [INFO] [paramtable/quota_param.go:802] ["init disk quota per DB"] [diskQuotaPerCollection(MB)=1.7976931348623157e+308]
[2025/08/11 20:21:24.143 +08:00] [INFO] [paramtable/component_param.go:1578] ["init segment max idle time"] [value=10m0s]
[2025/08/11 20:21:24.143 +08:00] [INFO] [paramtable/component_param.go:1583] ["init segment min size from idle to sealed"] [value=16]
[2025/08/11 20:21:24.143 +08:00] [INFO] [paramtable/component_param.go:1593] ["init segment max binlog file to sealed"] [value=32]
[2025/08/11 20:21:24.143 +08:00] [INFO] [paramtable/component_param.go:1588] ["init segment expansion rate"] [value=1.25]
[2025/08/11 20:21:24.153 +08:00] [INFO] [paramtable/base_table.go:145] ["cannot find etcd.endpoints"]
[2025/08/11 20:21:24.153 +08:00] [INFO] [paramtable/hook_config.go:19] ["hook config"] [hook={}]
[2025/08/11 20:21:24.207 +08:00] [INFO] [roles/roles.go:287] ["starting running Milvus components"]
[2025/08/11 20:21:24.218 +08:00] [INFO] [paramtable/quota_param.go:787] ["init disk quota"] [diskQuota(MB)=+inf]
[2025/08/11 20:21:24.219 +08:00] [INFO] [paramtable/quota_param.go:802] ["init disk quota per DB"] [diskQuotaPerCollection(MB)=1.7976931348623157e+308]
[2025/08/11 20:21:24.219 +08:00] [INFO] [paramtable/component_param.go:1578] ["init segment max idle time"] [value=10m0s]
[2025/08/11 20:21:24.219 +08:00] [INFO] [paramtable/component_param.go:1583] ["init segment min size from idle to sealed"] [value=16]
[2025/08/11 20:21:24.219 +08:00] [INFO] [paramtable/component_param.go:1593] ["init segment max binlog file to sealed"] [value=32]
[2025/08/11 20:21:24.219 +08:00] [INFO] [paramtable/component_param.go:1588] ["init segment expansion rate"] [value=1.25]
[2025/08/11 20:21:24.227 +08:00] [INFO] [paramtable/base_table.go:145] ["cannot find etcd.endpoints"]
[2025/08/11 20:21:24.227 +08:00] [INFO] [paramtable/hook_config.go:19] ["hook config"] [hook={}]
[2025/08/11 20:21:24.239 +08:00] [INFO] [server/global_rmq.go:55] ["initializing global rmq"] [path="E:\\ZhiJiang\\Code\\2_DifyRelated\\Milvus_db\\data\\rocketmq"]
[2025/08/11 20:21:24.242 +08:00] [INFO] [server/rocksmq_impl.go:154] ["Start rocksmq "] ["max proc"=8] [parallism=1] ["lru cache"=1013116600]
[2025/08/11 20:21:24.435 +08:00] [INFO] [tso/tso.go:121] ["sync and save timestamp"] [last=0001/01/01 00:00:00.000 +00:00] [save=2025/08/11 20:21:27.433 +08:00] [next=2025/08/11 20:21:24.433 +08:00]
[2025/08/11 20:21:24.435 +08:00] [INFO] [server/rocksmq_retention.go:99] ["Rocksmq retention goroutine start!"]
[2025/08/11 20:21:24.526 +08:00] [INFO] [etcd/etcd_server.go:66] ["finish init Etcd config"] [path=] [data="E:\\ZhiJiang\\Code\\2_DifyRelated\\Milvus_db\\data\\etcd.data"]
[2025/08/11 20:21:24.526 +08:00] [INFO] [management/server.go:68] ["management listen"] [addr=:9091]
[2025/08/11 20:21:24.750 +08:00] [INFO] [config/etcd_source.go:145] ["start refreshing configurations"]
[2025/08/11 20:21:24.750 +08:00] [INFO] [paramtable/quota_param.go:787] ["init disk quota"] [diskQuota(MB)=+inf]
[2025/08/11 20:21:24.750 +08:00] [INFO] [paramtable/quota_param.go:802] ["init disk quota per DB"] [diskQuotaPerCollection(MB)=1.7976931348623157e+308]
[2025/08/11 20:21:24.751 +08:00] [INFO] [paramtable/component_param.go:1578] ["init segment max idle time"] [value=10m0s]
[2025/08/11 20:21:24.751 +08:00] [INFO] [paramtable/component_param.go:1583] ["init segment min size from idle to sealed"] [value=16]
[2025/08/11 20:21:24.751 +08:00] [INFO] [paramtable/component_param.go:1593] ["init segment max binlog file to sealed"] [value=32]
[2025/08/11 20:21:24.751 +08:00] [INFO] [paramtable/component_param.go:1588] ["init segment expansion rate"] [value=1.25]
[2025/08/11 20:21:24.753 +08:00] [INFO] [paramtable/base_table.go:145] ["cannot find etcd.endpoints"]
[2025/08/11 20:21:24.753 +08:00] [INFO] [paramtable/hook_config.go:19] ["hook config"] [hook={}]
[2025/08/11 20:21:24.753 +08:00] [INFO] [rootcoord/root_coord.go:173] ["update rootcoord state"] [state=Abnormal]
[2025/08/11 20:21:24.775 +08:00] [INFO] [paramtable/quota_param.go:787] ["init disk quota"] [diskQuota(MB)=+inf]
[2025/08/11 20:21:24.775 +08:00] [INFO] [paramtable/quota_param.go:802] ["init disk quota per DB"] [diskQuotaPerCollection(MB)=1.7976931348623157e+308]
[2025/08/11 20:21:24.776 +08:00] [INFO] [paramtable/component_param.go:1578] ["init segment max idle time"] [value=10m0s]
[2025/08/11 20:21:24.776 +08:00] [INFO] [paramtable/component_param.go:1583] ["init segment min size from idle to sealed"] [value=16]
[2025/08/11 20:21:24.776 +08:00] [INFO] [paramtable/component_param.go:1593] ["init segment max binlog file to sealed"] [value=32]
[2025/08/11 20:21:24.776 +08:00] [INFO] [paramtable/component_param.go:1588] ["init segment expansion rate"] [value=1.25]
[2025/08/11 20:21:24.778 +08:00] [INFO] [paramtable/base_table.go:145] ["cannot find etcd.endpoints"]
[2025/08/11 20:21:24.778 +08:00] [INFO] [paramtable/hook_config.go:19] ["hook config"] [hook={}]
[2025/08/11 20:21:24.782 +08:00] [INFO] [config/etcd_source.go:145] ["start refreshing configurations"]
[2025/08/11 20:21:24.782 +08:00] [INFO] [config/etcd_source.go:145] ["start refreshing configurations"]
[2025/08/11 20:21:24.795 +08:00] [INFO] [config/etcd_source.go:145] ["start refreshing configurations"]
[2025/08/11 20:21:24.801 +08:00] [DEBUG] [paramtable/grpc_param.go:156] [initServerMaxSendSize] [role=rootcoord] [grpc.serverMaxSendSize=536870912]
[2025/08/11 20:21:24.801 +08:00] [INFO] [paramtable/quota_param.go:787] ["init disk quota"] [diskQuota(MB)=+inf]
[2025/08/11 20:21:24.801 +08:00] [INFO] [config/etcd_source.go:145] ["start refreshing configurations"]
[2025/08/11 20:21:24.801 +08:00] [DEBUG] [paramtable/grpc_param.go:178] [initServerMaxRecvSize] [role=rootcoord] [grpc.serverMaxRecvSize=536870912]
[2025/08/11 20:21:24.801 +08:00] [INFO] [paramtable/quota_param.go:802] ["init disk quota per DB"] [diskQuotaPerCollection(MB)=1.7976931348623157e+308]
[2025/08/11 20:21:24.801 +08:00] [WARN] [paramtable/grpc_param.go:192] ["Failed to parse grpc.gracefulStopTimeout, set to default"] [role=rootcoord] [grpc.gracefulStopTimeout=] [error="strconv.Atoi: parsing \"\": invalid syntax"]
[2025/08/11 20:21:24.801 +08:00] [DEBUG] [paramtable/grpc_param.go:201] [initGracefulStopTimeout] [role=rootcoord] [grpc.gracefulStopTimeout=30]
[2025/08/11 20:21:24.801 +08:00] [INFO] [rootcoord/service.go:177] ["init params done.."]
[2025/08/11 20:21:24.801 +08:00] [INFO] [rootcoord/service.go:196] ["etcd connect done ..."]
[2025/08/11 20:21:24.802 +08:00] [INFO] [rootcoord/service.go:251] ["start grpc "] [port=40000]
[2025/08/11 20:21:24.802 +08:00] [INFO] [paramtable/component_param.go:1578] ["init segment max idle time"] [value=10m0s]
[2025/08/11 20:21:24.802 +08:00] [INFO] [paramtable/component_param.go:1583] ["init segment min size from idle to sealed"] [value=16]
[2025/08/11 20:21:24.802 +08:00] [INFO] [paramtable/component_param.go:1593] ["init segment max binlog file to sealed"] [value=32]
[2025/08/11 20:21:24.802 +08:00] [INFO] [paramtable/component_param.go:1588] ["init segment expansion rate"] [value=1.25]
[2025/08/11 20:21:24.805 +08:00] [INFO] [paramtable/base_table.go:145] ["cannot find etcd.endpoints"]
[2025/08/11 20:21:24.805 +08:00] [INFO] [paramtable/hook_config.go:19] ["hook config"] [hook={}]
[2025/08/11 20:21:24.817 +08:00] [DEBUG] [paramtable/grpc_param.go:156] [initServerMaxSendSize] [role=datacoord] [grpc.serverMaxSendSize=536870912]
[2025/08/11 20:21:24.817 +08:00] [DEBUG] [paramtable/grpc_param.go:178] [initServerMaxRecvSize] [role=datacoord] [grpc.serverMaxRecvSize=536870912]
[2025/08/11 20:21:24.817 +08:00] [WARN] [paramtable/grpc_param.go:192] ["Failed to parse grpc.gracefulStopTimeout, set to default"] [role=datacoord] [grpc.gracefulStopTimeout=] [error="strconv.Atoi: parsing \"\": invalid syntax"]
[2025/08/11 20:21:24.817 +08:00] [DEBUG] [paramtable/grpc_param.go:201] [initGracefulStopTimeout] [role=datacoord] [grpc.gracefulStopTimeout=30]
[2025/08/11 20:21:24.817 +08:00] [INFO] [datacoord/service.go:117] ["create IndexCoord client for DataCoord"]
[2025/08/11 20:21:24.817 +08:00] [INFO] [sessionutil/session_util.go:207] ["Session try to connect to etcd"]
[2025/08/11 20:21:24.823 +08:00] [INFO] [config/etcd_source.go:145] ["start refreshing configurations"]
[2025/08/11 20:21:24.827 +08:00] [INFO] [config/etcd_source.go:145] ["start refreshing configurations"]
[2025/08/11 20:21:24.829 +08:00] [INFO] [paramtable/quota_param.go:787] ["init disk quota"] [diskQuota(MB)=+inf]
[2025/08/11 20:21:24.829 +08:00] [INFO] [paramtable/quota_param.go:802] ["init disk quota per DB"] [diskQuotaPerCollection(MB)=1.7976931348623157e+308]
[2025/08/11 20:21:24.829 +08:00] [INFO] [paramtable/component_param.go:1578] ["init segment max idle time"] [value=10m0s]
[2025/08/11 20:21:24.829 +08:00] [INFO] [paramtable/component_param.go:1583] ["init segment min size from idle to sealed"] [value=16]
[2025/08/11 20:21:24.829 +08:00] [INFO] [paramtable/component_param.go:1593] ["init segment max binlog file to sealed"] [value=32]
[2025/08/11 20:21:24.829 +08:00] [INFO] [paramtable/component_param.go:1588] ["init segment expansion rate"] [value=1.25]
[2025/08/11 20:21:24.832 +08:00] [INFO] [paramtable/base_table.go:145] ["cannot find etcd.endpoints"]
[2025/08/11 20:21:24.832 +08:00] [INFO] [paramtable/hook_config.go:19] ["hook config"] [hook={}]
[2025/08/11 20:21:24.843 +08:00] [DEBUG] [paramtable/grpc_param.go:156] [initServerMaxSendSize] [role=indexcoord] [grpc.serverMaxSendSize=536870912]
[2025/08/11 20:21:24.843 +08:00] [DEBUG] [paramtable/grpc_param.go:178] [initServerMaxRecvSize] [role=indexcoord] [grpc.serverMaxRecvSize=536870912]
[2025/08/11 20:21:24.843 +08:00] [WARN] [paramtable/grpc_param.go:192] ["Failed to parse grpc.gracefulStopTimeout, set to default"] [role=indexcoord] [grpc.gracefulStopTimeout=] [error="strconv.Atoi: parsing \"\": invalid syntax"]
[2025/08/11 20:21:24.843 +08:00] [DEBUG] [paramtable/grpc_param.go:201] [initGracefulStopTimeout] [role=indexcoord] [grpc.gracefulStopTimeout=30]
[2025/08/11 20:21:24.843 +08:00] [INFO] [indexcoord/service.go:328] [IndexCoord] ["network address"=10.12.4.21] ["network port"=40003]
[2025/08/11 20:21:24.846 +08:00] [INFO] [config/etcd_source.go:145] ["start refreshing configurations"]
[2025/08/11 20:21:24.847 +08:00] [INFO] [paramtable/quota_param.go:787] ["init disk quota"] [diskQuota(MB)=+inf]
[2025/08/11 20:21:24.847 +08:00] [INFO] [config/etcd_source.go:145] ["start refreshing configurations"]
[2025/08/11 20:21:24.847 +08:00] [INFO] [paramtable/quota_param.go:802] ["init disk quota per DB"] [diskQuotaPerCollection(MB)=1.7976931348623157e+308]
[2025/08/11 20:21:24.849 +08:00] [INFO] [paramtable/component_param.go:1578] ["init segment max idle time"] [value=10m0s]
[2025/08/11 20:21:24.849 +08:00] [INFO] [paramtable/component_param.go:1583] ["init segment min size from idle to sealed"] [value=16]
[2025/08/11 20:21:24.849 +08:00] [INFO] [paramtable/component_param.go:1593] ["init segment max binlog file to sealed"] [value=32]
[2025/08/11 20:21:24.850 +08:00] [INFO] [paramtable/component_param.go:1588] ["init segment expansion rate"] [value=1.25]
[2025/08/11 20:21:24.852 +08:00] [INFO] [paramtable/base_table.go:145] ["cannot find etcd.endpoints"]
[2025/08/11 20:21:24.852 +08:00] [INFO] [paramtable/hook_config.go:19] ["hook config"] [hook={}]
[2025/08/11 20:21:24.852 +08:00] [INFO] [roles/roles.go:79] ["start clean local dir"] ["root path"="E:\\ZhiJiang\\Code\\2_DifyRelated\\Milvus_db\\data\\querynode"]
[2025/08/11 20:21:24.864 +08:00] [DEBUG] [paramtable/grpc_param.go:156] [initServerMaxSendSize] [role=querycoord] [grpc.serverMaxSendSize=536870912]
[2025/08/11 20:21:24.864 +08:00] [DEBUG] [paramtable/grpc_param.go:178] [initServerMaxRecvSize] [role=querycoord] [grpc.serverMaxRecvSize=536870912]
[2025/08/11 20:21:24.864 +08:00] [WARN] [paramtable/grpc_param.go:192] ["Failed to parse grpc.gracefulStopTimeout, set to default"] [role=querycoord] [grpc.gracefulStopTimeout=] [error="strconv.Atoi: parsing \"\": invalid syntax"]
[2025/08/11 20:21:24.864 +08:00] [DEBUG] [paramtable/grpc_param.go:201] [initGracefulStopTimeout] [role=querycoord] [grpc.gracefulStopTimeout=30]
[2025/08/11 20:21:24.864 +08:00] [INFO] [querycoord/service.go:254] [network] [port=40001]
[2025/08/11 20:21:24.867 +08:00] [INFO] [config/etcd_source.go:145] ["start refreshing configurations"]
[2025/08/11 20:21:24.867 +08:00] [INFO] [config/etcd_source.go:145] ["start refreshing configurations"]
[2025/08/11 20:21:24.867 +08:00] [INFO] [paramtable/quota_param.go:787] ["init disk quota"] [diskQuota(MB)=+inf]
[2025/08/11 20:21:24.867 +08:00] [INFO] [paramtable/quota_param.go:802] ["init disk quota per DB"] [diskQuotaPerCollection(MB)=1.7976931348623157e+308]
[2025/08/11 20:21:24.868 +08:00] [INFO] [paramtable/component_param.go:1578] ["init segment max idle time"] [value=10m0s]
[2025/08/11 20:21:24.868 +08:00] [INFO] [paramtable/component_param.go:1583] ["init segment min size from idle to sealed"] [value=16]
[2025/08/11 20:21:24.868 +08:00] [INFO] [paramtable/component_param.go:1593] ["init segment max binlog file to sealed"] [value=32]
[2025/08/11 20:21:24.868 +08:00] [INFO] [paramtable/component_param.go:1588] ["init segment expansion rate"] [value=1.25]
[2025/08/11 20:21:24.870 +08:00] [INFO] [paramtable/base_table.go:145] ["cannot find etcd.endpoints"]
[2025/08/11 20:21:24.870 +08:00] [INFO] [paramtable/hook_config.go:19] ["hook config"] [hook={}]
[2025/08/11 20:21:24.892 +08:00] [DEBUG] [paramtable/grpc_param.go:156] [initServerMaxSendSize] [role=querynode] [grpc.serverMaxSendSize=536870912]
[2025/08/11 20:21:24.896 +08:00] [DEBUG] [paramtable/grpc_param.go:178] [initServerMaxRecvSize] [role=querynode] [grpc.serverMaxRecvSize=536870912]
[2025/08/11 20:21:24.897 +08:00] [WARN] [paramtable/grpc_param.go:192] ["Failed to parse grpc.gracefulStopTimeout, set to default"] [role=querynode] [grpc.gracefulStopTimeout=] [error="strconv.Atoi: parsing \"\": invalid syntax"]
[2025/08/11 20:21:24.897 +08:00] [DEBUG] [paramtable/grpc_param.go:201] [initGracefulStopTimeout] [role=querynode] [grpc.gracefulStopTimeout=30]
[2025/08/11 20:21:24.899 +08:00] [INFO] [config/etcd_source.go:145] ["start refreshing configurations"]
[2025/08/11 20:21:24.899 +08:00] [INFO] [config/etcd_source.go:145] ["start refreshing configurations"]
[2025/08/11 20:21:24.899 +08:00] [INFO] [paramtable/quota_param.go:787] ["init disk quota"] [diskQuota(MB)=+inf]
[2025/08/11 20:21:24.899 +08:00] [INFO] [paramtable/quota_param.go:802] ["init disk quota per DB"] [diskQuotaPerCollection(MB)=1.7976931348623157e+308]
[2025/08/11 20:21:24.899 +08:00] [INFO] [paramtable/component_param.go:1578] ["init segment max idle time"] [value=10m0s]
[2025/08/11 20:21:24.899 +08:00] [INFO] [paramtable/component_param.go:1583] ["init segment min size from idle to sealed"] [value=16]
[2025/08/11 20:21:24.899 +08:00] [INFO] [paramtable/component_param.go:1593] ["init segment max binlog file to sealed"] [value=32]
[2025/08/11 20:21:24.899 +08:00] [INFO] [paramtable/component_param.go:1588] ["init segment expansion rate"] [value=1.25]
[2025/08/11 20:21:24.902 +08:00] [INFO] [querynode/service.go:111] [QueryNode] [port=40002]
[2025/08/11 20:21:24.902 +08:00] [INFO] [querynode/service.go:127] ["QueryNode connect to etcd successfully"]
[2025/08/11 20:21:24.903 +08:00] [INFO] [rootcoord/service.go:202] ["grpc init done ..."]
[2025/08/11 20:21:24.903 +08:00] [INFO] [rootcoord/service.go:205] ["RootCoord start to create DataCoord client"]
[2025/08/11 20:21:24.903 +08:00] [INFO] [sessionutil/session_util.go:207] ["Session try to connect to etcd"]
[2025/08/11 20:21:24.904 +08:00] [INFO] [paramtable/base_table.go:145] ["cannot find etcd.endpoints"]
[2025/08/11 20:21:24.904 +08:00] [INFO] [paramtable/hook_config.go:19] ["hook config"] [hook={}]
[2025/08/11 20:21:24.904 +08:00] [INFO] [roles/roles.go:79] ["start clean local dir"] ["root path"="E:\\ZhiJiang\\Code\\2_DifyRelated\\Milvus_db\\data\\indexnode"]
[2025/08/11 20:21:24.905 +08:00] [INFO] [indexnode/indexnode.go:109] ["New IndexNode ..."]
[2025/08/11 20:21:24.924 +08:00] [DEBUG] [paramtable/grpc_param.go:156] [initServerMaxSendSize] [role=datanode] [grpc.serverMaxSendSize=536870912]
[2025/08/11 20:21:24.924 +08:00] [DEBUG] [paramtable/grpc_param.go:178] [initServerMaxRecvSize] [role=datanode] [grpc.serverMaxRecvSize=536870912]
[2025/08/11 20:21:24.925 +08:00] [WARN] [paramtable/grpc_param.go:192] ["Failed to parse grpc.gracefulStopTimeout, set to default"] [role=datanode] [grpc.gracefulStopTimeout=] [error="strconv.Atoi: parsing \"\": invalid syntax"]
[2025/08/11 20:21:24.925 +08:00] [DEBUG] [paramtable/grpc_param.go:201] [initGracefulStopTimeout] [role=datanode] [grpc.gracefulStopTimeout=30]
[2025/08/11 20:21:24.926 +08:00] [INFO] [datanode/service.go:256] ["DataNode address"] [address=10.12.4.21:40006]
[2025/08/11 20:21:24.926 +08:00] [INFO] [config/etcd_source.go:145] ["start refreshing configurations"]
[2025/08/11 20:21:24.941 +08:00] [INFO] [paramtable/quota_param.go:787] ["init disk quota"] [diskQuota(MB)=+inf]
[2025/08/11 20:21:24.941 +08:00] [INFO] [paramtable/quota_param.go:802] ["init disk quota per DB"] [diskQuotaPerCollection(MB)=1.7976931348623157e+308]
[2025/08/11 20:21:24.942 +08:00] [INFO] [paramtable/component_param.go:1578] ["init segment max idle time"] [value=10m0s]
[2025/08/11 20:21:24.942 +08:00] [INFO] [paramtable/component_param.go:1583] ["init segment min size from idle to sealed"] [value=16]
[2025/08/11 20:21:24.942 +08:00] [INFO] [paramtable/component_param.go:1593] ["init segment max binlog file to sealed"] [value=32]
[2025/08/11 20:21:24.942 +08:00] [INFO] [paramtable/component_param.go:1588] ["init segment expansion rate"] [value=1.25]
[2025/08/11 20:21:24.942 +08:00] [INFO] [config/etcd_source.go:145] ["start refreshing configurations"]
[2025/08/11 20:21:24.946 +08:00] [INFO] [paramtable/base_table.go:145] ["cannot find etcd.endpoints"]
[2025/08/11 20:21:24.946 +08:00] [INFO] [paramtable/hook_config.go:19] ["hook config"] [hook={}]
[2025/08/11 20:21:24.946 +08:00] [INFO] [sessionutil/session_util.go:207] ["Session try to connect to etcd"]
[2025/08/11 20:21:24.947 +08:00] [DEBUG] [proxy/multi_rate_limiter.go:331] ["RateLimiter register for rateType"] [rateType=DDLCollection] [rate=+inf] [burst=1.7976931348623157e+308]
[2025/08/11 20:21:24.947 +08:00] [DEBUG] [proxy/multi_rate_limiter.go:331] ["RateLimiter register for rateType"] [rateType=DDLFlush] [rate=+inf] [burst=1.7976931348623157e+308]
[2025/08/11 20:21:24.947 +08:00] [DEBUG] [proxy/service.go:122] ["create a new Proxy instance"] [module=Proxy] [state=Abnormal]
[2025/08/11 20:21:24.947 +08:00] [INFO] [proxy/service.go:368] ["init Proxy server"]
[2025/08/11 20:21:24.949 +08:00] [DEBUG] [paramtable/grpc_param.go:156] [initServerMaxSendSize] [role=indexnode] [grpc.serverMaxSendSize=536870912]
[2025/08/11 20:21:24.949 +08:00] [DEBUG] [paramtable/grpc_param.go:178] [initServerMaxRecvSize] [role=indexnode] [grpc.serverMaxRecvSize=536870912]
[2025/08/11 20:21:24.949 +08:00] [WARN] [paramtable/grpc_param.go:192] ["Failed to parse grpc.gracefulStopTimeout, set to default"] [role=indexnode] [grpc.gracefulStopTimeout=] [error="strconv.Atoi: parsing \"\": invalid syntax"]
[2025/08/11 20:21:24.949 +08:00] [DEBUG] [paramtable/grpc_param.go:201] [initGracefulStopTimeout] [role=indexnode] [grpc.gracefulStopTimeout=30]
[2025/08/11 20:21:24.950 +08:00] [INFO] [indexnode/service.go:90] [IndexNode] ["network address"=10.12.4.21:40004] ["network port: "=40004]
[2025/08/11 20:21:24.967 +08:00] [INFO] [config/etcd_source.go:145] ["start refreshing configurations"]
[2025/08/11 20:21:24.967 +08:00] [INFO] [sessionutil/session_util.go:207] ["Session try to connect to etcd"]
[2025/08/11 20:21:24.991 +08:00] [DEBUG] [paramtable/grpc_param.go:156] [initServerMaxSendSize] [role=proxy] [grpc.serverMaxSendSize=67108864]
[2025/08/11 20:21:24.991 +08:00] [DEBUG] [paramtable/grpc_param.go:178] [initServerMaxRecvSize] [role=proxy] [grpc.serverMaxRecvSize=67108864]
[2025/08/11 20:21:24.991 +08:00] [WARN] [paramtable/grpc_param.go:192] ["Failed to parse grpc.gracefulStopTimeout, set to default"] [role=proxy] [grpc.gracefulStopTimeout=] [error="strconv.Atoi: parsing \"\": invalid syntax"]
[2025/08/11 20:21:24.991 +08:00] [DEBUG] [paramtable/grpc_param.go:201] [initGracefulStopTimeout] [role=proxy] [grpc.gracefulStopTimeout=30]
[2025/08/11 20:21:24.991 +08:00] [INFO] [proxy/service.go:397] ["Proxy init service's parameter table done"]
[2025/08/11 20:21:25.014 +08:00] [INFO] [proxy/service.go:399] ["Proxy init http server's parameter table done"]
[2025/08/11 20:21:25.014 +08:00] [INFO] [querynode/service.go:137] [QueryNode] [State=Initializing]
[2025/08/11 20:21:25.014 +08:00] [INFO] [config/etcd_source.go:145] ["start refreshing configurations"]
[2025/08/11 20:21:25.014 +08:00] [INFO] [querynode/query_node.go:311] ["QueryNode session info"] [metaPath=by-dev/meta]
[2025/08/11 20:21:25.014 +08:00] [INFO] [sessionutil/session_util.go:207] ["Session try to connect to etcd"]
[2025/08/11 20:21:25.014 +08:00] [INFO] [proxy/service.go:408] ["init Proxy's parameter table done"] ["internal address"=10.12.4.21:19529] ["external address"=10.12.4.21:19530]
[2025/08/11 20:21:25.014 +08:00] [INFO] [proxy/service.go:413] ["init Proxy's tracer done"] ["service name"="Proxy ip: 10.12.4.21, port: 19530"]
[2025/08/11 20:21:25.015 +08:00] [INFO] [proxy/service.go:314] ["Proxy internal server listen on tcp"] [port=19529]
[2025/08/11 20:21:25.016 +08:00] [INFO] [proxy/service.go:321] ["Proxy internal server already listen on tcp"] [port=19529]
[2025/08/11 20:21:25.016 +08:00] [INFO] [proxy/service.go:354] ["create Proxy internal grpc server"] ["enforcement policy"="{\"MinTime\":5000000000,\"PermitWithoutStream\":true}"] ["server parameters"="{\"MaxConnectionIdle\":0,\"MaxConnectionAge\":0,\"MaxConnectionAgeGrace\":0,\"Time\":60000000000,\"Timeout\":10000000000}"]
[2025/08/11 20:21:25.016 +08:00] [INFO] [proxy/service.go:439] ["Proxy server listen on tcp"] [port=19530]
[2025/08/11 20:21:25.016 +08:00] [INFO] [proxy/service.go:443] ["Proxy server already listen on tcp"] [port=19530]
[2025/08/11 20:21:25.016 +08:00] [INFO] [proxy/service.go:219] ["Get proxy rate limiter done"] [port=19530]
[2025/08/11 20:21:25.017 +08:00] [INFO] [proxy/service.go:290] ["create Proxy grpc server"] ["enforcement policy"="{\"MinTime\":5000000000,\"PermitWithoutStream\":true}"] ["server parameters"="{\"MaxConnectionIdle\":0,\"MaxConnectionAge\":0,\"MaxConnectionAgeGrace\":0,\"Time\":60000000000,\"Timeout\":10000000000}"]
[2025/08/11 20:21:25.017 +08:00] [INFO] [proxy/service.go:520] ["register Proxy http server"]
[2025/08/11 20:21:25.017 +08:00] [INFO] [proxy/service.go:527] ["create RootCoord client for Proxy"]
[2025/08/11 20:21:25.017 +08:00] [INFO] [sessionutil/session_util.go:207] ["Session try to connect to etcd"]
[2025/08/11 20:21:25.030 +08:00] [INFO] [datanode/service.go:265] ["initializing RootCoord client for DataNode"]
[2025/08/11 20:21:25.030 +08:00] [INFO] [sessionutil/session_util.go:207] ["Session try to connect to etcd"]
[2025/08/11 20:21:25.094 +08:00] [INFO] [paramtable/quota_param.go:787] ["init disk quota"] [diskQuota(MB)=+inf]
[2025/08/11 20:21:25.094 +08:00] [INFO] [paramtable/quota_param.go:802] ["init disk quota per DB"] [diskQuotaPerCollection(MB)=1.7976931348623157e+308]
[2025/08/11 20:21:25.095 +08:00] [INFO] [config/etcd_source.go:145] ["start refreshing configurations"]
[2025/08/11 20:21:25.095 +08:00] [INFO] [paramtable/component_param.go:1578] ["init segment max idle time"] [value=10m0s]
[2025/08/11 20:21:25.095 +08:00] [INFO] [paramtable/component_param.go:1583] ["init segment min size from idle to sealed"] [value=16]
[2025/08/11 20:21:25.095 +08:00] [INFO] [paramtable/component_param.go:1593] ["init segment max binlog file to sealed"] [value=32]
[2025/08/11 20:21:25.095 +08:00] [INFO] [paramtable/component_param.go:1588] ["init segment expansion rate"] [value=1.25]
[2025/08/11 20:21:25.123 +08:00] [INFO] [paramtable/base_table.go:145] ["cannot find etcd.endpoints"]
[2025/08/11 20:21:25.124 +08:00] [INFO] [paramtable/hook_config.go:19] ["hook config"] [hook={}]
[2025/08/11 20:21:25.124 +08:00] [DEBUG] [indexnode/indexnode.go:197] ["IndexNode init"] [State=Initializing]
[2025/08/11 20:21:25.124 +08:00] [INFO] [sessionutil/session_util.go:207] ["Session try to connect to etcd"]
[2025/08/11 20:21:25.336 +08:00] [INFO] [sessionutil/session_util.go:222] ["Session connect to etcd success"]
[2025/08/11 20:21:25.336 +08:00] [INFO] [sessionutil/session_util.go:222] ["Session connect to etcd success"]
[2025/08/11 20:21:25.360 +08:00] [INFO] [sessionutil/session_util.go:222] ["Session connect to etcd success"]
[2025/08/11 20:21:25.362 +08:00] [INFO] [sessionutil/session_util.go:222] ["Session connect to etcd success"]
[2025/08/11 20:21:25.383 +08:00] [INFO] [sessionutil/session_util.go:222] ["Session connect to etcd success"]
[2025/08/11 20:21:25.384 +08:00] [INFO] [sessionutil/session_util.go:222] ["Session connect to etcd success"]
[2025/08/11 20:21:25.410 +08:00] [INFO] [sessionutil/session_util.go:222] ["Session connect to etcd success"]
[2025/08/11 20:21:25.410 +08:00] [INFO] [config/etcd_source.go:145] ["start refreshing configurations"]
[2025/08/11 20:21:25.410 +08:00] [INFO] [config/etcd_source.go:145] ["start refreshing configurations"]
[2025/08/11 20:21:25.417 +08:00] [DEBUG] [paramtable/grpc_param.go:263] ["Init client max send size"] [role=datacoord] [grpc.clientMaxSendSize=104857600]
[2025/08/11 20:21:25.418 +08:00] [DEBUG] [paramtable/grpc_param.go:263] ["Init client max recv size"] [role=datacoord] [grpc.clientMaxRecvSize=104857600]
[2025/08/11 20:21:25.418 +08:00] [DEBUG] [paramtable/grpc_param.go:263] ["Init dial timeout"] [role=datacoord] [grpc.client.dialTimeout=104857600]
[2025/08/11 20:21:25.418 +08:00] [DEBUG] [paramtable/grpc_param.go:263] ["Init keep alive timeout"] [role=datacoord] [grpc.client.keepAliveTimeout=104857600]
[2025/08/11 20:21:25.418 +08:00] [DEBUG] [paramtable/grpc_param.go:263] ["Init keep alive time"] [role=datacoord] [grpc.client.keepAliveTime=104857600]
[2025/08/11 20:21:25.418 +08:00] [DEBUG] [paramtable/grpc_param.go:263] ["Init max attempts"] [role=datacoord] [grpc.client.maxMaxAttempts=104857600]
[2025/08/11 20:21:25.418 +08:00] [DEBUG] [paramtable/grpc_param.go:263] ["Init initial back off"] [role=datacoord] [grpc.client.initialBackOff=104857600]
[2025/08/11 20:21:25.418 +08:00] [DEBUG] [paramtable/grpc_param.go:263] ["Init max back off"] [role=datacoord] [grpc.client.maxBackoff=104857600]
[2025/08/11 20:21:25.418 +08:00] [INFO] [rootcoord/service.go:213] ["RootCoord start to create IndexCoord client"]
[2025/08/11 20:21:25.418 +08:00] [INFO] [sessionutil/session_util.go:207] ["Session try to connect to etcd"]
[2025/08/11 20:21:25.429 +08:00] [DEBUG] [paramtable/grpc_param.go:263] ["Init client max send size"] [role=rootcoord] [grpc.clientMaxSendSize=104857600]
[2025/08/11 20:21:25.429 +08:00] [DEBUG] [paramtable/grpc_param.go:263] ["Init client max recv size"] [role=rootcoord] [grpc.clientMaxRecvSize=104857600]
[2025/08/11 20:21:25.429 +08:00] [DEBUG] [paramtable/grpc_param.go:263] ["Init dial timeout"] [role=rootcoord] [grpc.client.dialTimeout=104857600]
[2025/08/11 20:21:25.429 +08:00] [DEBUG] [paramtable/grpc_param.go:263] ["Init keep alive timeout"] [role=rootcoord] [grpc.client.keepAliveTimeout=104857600]
[2025/08/11 20:21:25.429 +08:00] [DEBUG] [paramtable/grpc_param.go:263] ["Init keep alive time"] [role=rootcoord] [grpc.client.keepAliveTime=104857600]
[2025/08/11 20:21:25.429 +08:00] [DEBUG] [paramtable/grpc_param.go:263] ["Init max attempts"] [role=rootcoord] [grpc.client.maxMaxAttempts=104857600]
[2025/08/11 20:21:25.429 +08:00] [DEBUG] [paramtable/grpc_param.go:263] ["Init initial back off"] [role=rootcoord] [grpc.client.initialBackOff=104857600]
[2025/08/11 20:21:25.429 +08:00] [DEBUG] [paramtable/grpc_param.go:263] ["Init max back off"] [role=rootcoord] [grpc.client.maxBackoff=104857600]
[2025/08/11 20:21:25.429 +08:00] [INFO] [querycoord/service.go:167] ["QueryCoord try to wait for RootCoord ready"]
[2025/08/11 20:21:25.429 +08:00] [INFO] [proxy/service.go:533] ["create RootCoord client for Proxy done"]
[2025/08/11 20:21:25.429 +08:00] [INFO] [proxy/service.go:536] ["init RootCoord client for Proxy"]
[2025/08/11 20:21:25.429 +08:00] [INFO] [proxy/service.go:541] ["init RootCoord client for Proxy done"]
[2025/08/11 20:21:25.429 +08:00] [INFO] [proxy/service.go:543] ["Proxy wait for RootCoord to be healthy"]
[2025/08/11 20:21:25.446 +08:00] [INFO] [sessionutil/session_util.go:305] ["Session get serverID success"] [key=id] [ServerId=1]
[2025/08/11 20:21:25.450 +08:00] [INFO] [sessionutil/session_util.go:222] ["Session connect to etcd success"]
[2025/08/11 20:21:25.451 +08:00] [WARN] [client/client.go:106] ["RootCoordClient mess key not exist"] [key=rootcoord]
[2025/08/11 20:21:25.451 +08:00] [ERROR] [grpcclient/client.go:161] ["failed to get client address"] [error="find no available rootcoord, check rootcoord state"] [stack="github.com/milvus-io/milvus/internal/util/grpcclient.(*ClientBase[...]).connect\n\tD:/a/milvus-lite/milvus-lite/milvus_binary/milvus/internal/util/grpcclient/client.go:161\ngithub.com/milvus-io/milvus/internal/util/grpcclient.(*ClientBase[...]).GetGrpcClient\n\tD:/a/milvus-lite/milvus-lite/milvus_binary/milvus/internal/util/grpcclient/client.go:134\ngithub.com/milvus-io/milvus/internal/util/grpcclient.(*ClientBase[...]).call\n\tD:/a/milvus-lite/milvus-lite/milvus_binary/milvus/internal/util/grpcclient/client.go:272\ngithub.com/milvus-io/milvus/internal/util/grpcclient.(*ClientBase[...]).Call\n\tD:/a/milvus-lite/milvus-lite/milvus_binary/milvus/internal/util/grpcclient/client.go:367\ngithub.com/milvus-io/milvus/internal/util/grpcclient.(*ClientBase[...]).ReCall\n\tD:/a/milvus-lite/milvus-lite/milvus_binary/milvus/internal/util/grpcclient/client.go:382\ngithub.com/milvus-io/milvus/internal/distributed/rootcoord/client.(*Client).GetComponentStates\n\tD:/a/milvus-lite/milvus-lite/milvus_binary/milvus/internal/distributed/rootcoord/client/client.go:132\ngithub.com/milvus-io/milvus/internal/util/funcutil.WaitForComponentStates.func1\n\tD:/a/milvus-lite/milvus-lite/milvus_binary/milvus/internal/util/funcutil/func.go:75\ngithub.com/milvus-io/milvus/internal/util/retry.Do\n\tD:/a/milvus-lite/milvus-lite/milvus_binary/milvus/internal/util/retry/retry.go:39\ngithub.com/milvus-io/milvus/internal/util/funcutil.WaitForComponentStates\n\tD:/a/milvus-lite/milvus-lite/milvus_binary/milvus/internal/util/funcutil/func.go:99\ngithub.com/milvus-io/milvus/internal/util/funcutil.WaitForComponentHealthy\n\tD:/a/milvus-lite/milvus-lite/milvus_binary/milvus/internal/util/funcutil/func.go:114\ngithub.com/milvus-io/milvus/internal/distributed/datanode.(*Server).init\n\tD:/a/milvus-lite/milvus-lite/milvus_binary/milvus/internal/distributed/datanode/service.go:279\ngithub.com/milvus-io/milvus/internal/distributed/datanode.(*Server).Run\n\tD:/a/milvus-lite/milvus-lite/milvus_binary/milvus/internal/distributed/datanode/service.go:191\ngithub.com/milvus-io/milvus/cmd/components.(*DataNode).Run\n\tD:/a/milvus-lite/milvus-lite/milvus_binary/milvus/cmd/components/data_node.go:52\ngithub.com/milvus-io/milvus/cmd/roles.runComponent[...].func1\n\tD:/a/milvus-lite/milvus-lite/milvus_binary/milvus/cmd/roles/roles.go:123"]
[2025/08/11 20:21:25.451 +08:00] [WARN] [grpcclient/client.go:367] ["fail to get grpc client"] [client_role=rootcoord] [error="find no available rootcoord, check rootcoord state"]
[2025/08/11 20:21:25.451 +08:00] [WARN] [retry/retry.go:39] ["grpc client is nil, maybe fail to get client in the retry state"] [client_role=rootcoord]
[2025/08/11 20:21:25.451 +08:00] [WARN] [client/client.go:106] ["RootCoordClient mess key not exist"] [key=rootcoord]
[2025/08/11 20:21:25.451 +08:00] [ERROR] [grpcclient/client.go:161] ["failed to get client address"] [error="find no available rootcoord, check rootcoord state"] [stack="github.com/milvus-io/milvus/internal/util/grpcclient.(*ClientBase[...]).connect\n\tD:/a/milvus-lite/milvus-lite/milvus_binary/milvus/internal/util/grpcclient/client.go:161\ngithub.com/milvus-io/milvus/internal/util/grpcclient.(*ClientBase[...]).GetGrpcClient\n\tD:/a/milvus-lite/milvus-lite/milvus_binary/milvus/internal/util/grpcclient/client.go:134\ngithub.com/milvus-io/milvus/internal/util/grpcclient.(*ClientBase[...]).call\n\tD:/a/milvus-lite/milvus-lite/milvus_binary/milvus/internal/util/grpcclient/client.go:272\ngithub.com/milvus-io/milvus/internal/util/grpcclient.(*ClientBase[...]).Call\n\tD:/a/milvus-lite/milvus-lite/milvus_binary/milvus/internal/util/grpcclient/client.go:367\ngithub.com/milvus-io/milvus/internal/util/grpcclient.(*ClientBase[...]).ReCall\n\tD:/a/milvus-lite/milvus-lite/milvus_binary/milvus/internal/util/grpcclient/client.go:382\ngithub.com/milvus-io/milvus/internal/distributed/rootcoord/client.(*Client).GetComponentStates\n\tD:/a/milvus-lite/milvus-lite/milvus_binary/milvus/internal/distributed/rootcoord/client/client.go:132\ngithub.com/milvus-io/milvus/internal/util/funcutil.WaitForComponentStates.func1\n\tD:/a/milvus-lite/milvus-lite/milvus_binary/milvus/internal/util/funcutil/func.go:75\ngithub.com/milvus-io/milvus/internal/util/retry.Do\n\tD:/a/milvus-lite/milvus-lite/milvus_binary/milvus/internal/util/retry/retry.go:39\ngithub.com/milvus-io/milvus/internal/util/funcutil.WaitForComponentStates\n\tD:/a/milvus-lite/milvus-lite/milvus_binary/milvus/internal/util/funcutil/func.go:99\ngithub.com/milvus-io/milvus/internal/util/funcutil.WaitForComponentHealthy\n\tD:/a/milvus-lite/milvus-lite/milvus_binary/milvus/internal/util/funcutil/func.go:114\ngithub.com/milvus-io/milvus/internal/distributed/proxy.(*Server).init\n\tD:/a/milvus-lite/milvus-lite/milvus_binary/milvus/internal/distributed/proxy/service.go:544\ngithub.com/milvus-io/milvus/internal/distributed/proxy.(*Server).Run\n\tD:/a/milvus-lite/milvus-lite/milvus_binary/milvus/internal/distributed/proxy/service.go:369\ngithub.com/milvus-io/milvus/cmd/components.(*Proxy).Run\n\tD:/a/milvus-lite/milvus-lite/milvus_binary/milvus/cmd/components/proxy.go:51\ngithub.com/milvus-io/milvus/cmd/roles.runComponent[...].func1\n\tD:/a/milvus-lite/milvus-lite/milvus_binary/milvus/cmd/roles/roles.go:123"]
[2025/08/11 20:21:25.451 +08:00] [WARN] [grpcclient/client.go:367] ["fail to get grpc client"] [module=Proxy] [client_role=rootcoord] [error="find no available rootcoord, check rootcoord state"]
[2025/08/11 20:21:25.452 +08:00] [WARN] [retry/retry.go:39] ["grpc client is nil, maybe fail to get client in the retry state"] [module=Proxy] [client_role=rootcoord]
[2025/08/11 20:21:25.452 +08:00] [WARN] [client/client.go:106] ["RootCoordClient mess key not exist"] [key=rootcoord]
[2025/08/11 20:21:25.452 +08:00] [ERROR] [grpcclient/client.go:161] ["failed to get client address"] [error="find no available rootcoord, check rootcoord state"] [stack="github.com/milvus-io/milvus/internal/util/grpcclient.(*ClientBase[...]).connect\n\tD:/a/milvus-lite/milvus-lite/milvus_binary/milvus/internal/util/grpcclient/client.go:161\ngithub.com/milvus-io/milvus/internal/util/grpcclient.(*ClientBase[...]).GetGrpcClient\n\tD:/a/milvus-lite/milvus-lite/milvus_binary/milvus/internal/util/grpcclient/client.go:134\ngithub.com/milvus-io/milvus/internal/util/grpcclient.(*ClientBase[...]).call\n\tD:/a/milvus-lite/milvus-lite/milvus_binary/milvus/internal/util/grpcclient/client.go:272\ngithub.com/milvus-io/milvus/internal/util/grpcclient.(*ClientBase[...]).Call\n\tD:/a/milvus-lite/milvus-lite/milvus_binary/milvus/internal/util/grpcclient/client.go:367\ngithub.com/milvus-io/milvus/internal/util/grpcclient.(*ClientBase[...]).ReCall\n\tD:/a/milvus-lite/milvus-lite/milvus_binary/milvus/internal/util/grpcclient/client.go:382\ngithub.com/milvus-io/milvus/internal/distributed/rootcoord/client.(*Client).GetComponentStates\n\tD:/a/milvus-lite/milvus-lite/milvus_binary/milvus/internal/distributed/rootcoord/client/client.go:132\ngithub.com/milvus-io/milvus/internal/util/funcutil.WaitForComponentStates.func1\n\tD:/a/milvus-lite/milvus-lite/milvus_binary/milvus/internal/util/funcutil/func.go:75\ngithub.com/milvus-io/milvus/internal/util/retry.Do\n\tD:/a/milvus-lite/milvus-lite/milvus_binary/milvus/internal/util/retry/retry.go:39\ngithub.com/milvus-io/milvus/internal/util/funcutil.WaitForComponentStates\n\tD:/a/milvus-lite/milvus-lite/milvus_binary/milvus/internal/util/funcutil/func.go:99\ngithub.com/milvus-io/milvus/internal/util/funcutil.WaitForComponentHealthy\n\tD:/a/milvus-lite/milvus-lite/milvus_binary/milvus/internal/util/funcutil/func.go:114\ngithub.com/milvus-io/milvus/internal/distributed/querycoord.(*Server).init\n\tD:/a/milvus-lite/milvus-lite/milvus_binary/milvus/internal/distributed/querycoord/service.go:168\ngithub.com/milvus-io/milvus/internal/distributed/querycoord.(*Server).Run\n\tD:/a/milvus-lite/milvus-lite/milvus_binary/milvus/internal/distributed/querycoord/service.go:102\ngithub.com/milvus-io/milvus/cmd/components.(*QueryCoord).Run\n\tD:/a/milvus-lite/milvus-lite/milvus_binary/milvus/cmd/components/query_coord.go:52\ngithub.com/milvus-io/milvus/cmd/roles.runComponent[...].func1\n\tD:/a/milvus-lite/milvus-lite/milvus_binary/milvus/cmd/roles/roles.go:123"]
[2025/08/11 20:21:25.452 +08:00] [WARN] [grpcclient/client.go:367] ["fail to get grpc client"] [client_role=rootcoord] [error="find no available rootcoord, check rootcoord state"]
[2025/08/11 20:21:25.452 +08:00] [WARN] [retry/retry.go:39] ["grpc client is nil, maybe fail to get client in the retry state"] [client_role=rootcoord]
[2025/08/11 20:21:25.457 +08:00] [INFO] [sessionutil/session_util.go:305] ["Session get serverID success"] [key=id] [ServerId=2]
[2025/08/11 20:21:25.457 +08:00] [WARN] [client/client.go:106] ["RootCoordClient mess key not exist"] [key=rootcoord]
[2025/08/11 20:21:25.458 +08:00] [ERROR] [grpcclient/client.go:161] ["failed to get client address"] [error="find no available rootcoord, check rootcoord state"] [stack="github.com/milvus-io/milvus/internal/util/grpcclient.(*ClientBase[...]).connect\n\tD:/a/milvus-lite/milvus-lite/milvus_binary/milvus/internal/util/grpcclient/client.go:161\ngithub.com/milvus-io/milvus/internal/util/grpcclient.(*ClientBase[...]).GetGrpcClient\n\tD:/a/milvus-lite/milvus-lite/milvus_binary/milvus/internal/util/grpcclient/client.go:134\ngithub.com/milvus-io/milvus/internal/util/grpcclient.(*ClientBase[...]).call.func1\n\tD:/a/milvus-lite/milvus-lite/milvus_binary/milvus/internal/util/grpcclient/client.go:279\ngithub.com/milvus-io/milvus/internal/util/grpcclient.(*ClientBase[...]).call.func2\n\tD:/a/milvus-lite/milvus-lite/milvus_binary/milvus/internal/util/grpcclient/client.go:291\ngithub.com/milvus-io/milvus/internal/util/retry.Do\n\tD:/a/milvus-lite/milvus-lite/milvus_binary/milvus/internal/util/retry/retry.go:39\ngithub.com/milvus-io/milvus/internal/util/grpcclient.(*ClientBase[...]).call\n\tD:/a/milvus-lite/milvus-lite/milvus_binary/milvus/internal/util/grpcclient/client.go:287\ngithub.com/milvus-io/milvus/internal/util/grpcclient.(*ClientBase[...]).Call\n\tD:/a/milvus-lite/milvus-lite/milvus_binary/milvus/internal/util/grpcclient/client.go:367\ngithub.com/milvus-io/milvus/internal/util/grpcclient.(*ClientBase[...]).ReCall\n\tD:/a/milvus-lite/milvus-lite/milvus_binary/milvus/internal/util/grpcclient/client.go:382\ngithub.com/milvus-io/milvus/internal/distributed/rootcoord/client.(*Client).GetComponentStates\n\tD:/a/milvus-lite/milvus-lite/milvus_binary/milvus/internal/distributed/rootcoord/client/client.go:132\ngithub.com/milvus-io/milvus/internal/util/funcutil.WaitForComponentStates.func1\n\tD:/a/milvus-lite/milvus-lite/milvus_binary/milvus/internal/util/funcutil/func.go:75\ngithub.com/milvus-io/milvus/internal/util/retry.Do\n\tD:/a/milvus-lite/milvus-lite/milvus_binary/milvus/internal/util/retry/retry.go:39\ngithub.com/milvus-io/milvus/internal/util/funcutil.WaitForComponentStates\n\tD:/a/milvus-lite/milvus-lite/milvus_binary/milvus/internal/util/funcutil/func.go:99\ngithub.com/milvus-io/milvus/internal/util/funcutil.WaitForComponentHealthy\n\tD:/a/milvus-lite/milvus-lite/milvus_binary/milvus/internal/util/funcutil/func.go:114\ngithub.com/milvus-io/milvus/internal/distributed/datanode.(*Server).init\n\tD:/a/milvus-lite/milvus-lite/milvus_binary/milvus/internal/distributed/datanode/service.go:279\ngithub.com/milvus-io/milvus/internal/distributed/datanode.(*Server).Run\n\tD:/a/milvus-lite/milvus-lite/milvus_binary/milvus/internal/distributed/datanode/service.go:191\ngithub.com/milvus-io/milvus/cmd/components.(*DataNode).Run\n\tD:/a/milvus-lite/milvus-lite/milvus_binary/milvus/cmd/components/data_node.go:52\ngithub.com/milvus-io/milvus/cmd/roles.runComponent[...].func1\n\tD:/a/milvus-lite/milvus-lite/milvus_binary/milvus/cmd/roles/roles.go:123"]
[2025/08/11 20:21:25.458 +08:00] [WARN] [grpcclient/client.go:291] ["fail to get grpc client in the retry state"] [client_role=rootcoord] [error="find no available rootcoord, check rootcoord state"]
[2025/08/11 20:21:25.458 +08:00] [WARN] [client/client.go:106] ["RootCoordClient mess key not exist"] [key=rootcoord]
[2025/08/11 20:21:25.458 +08:00] [ERROR] [grpcclient/client.go:161] ["failed to get client address"] [error="find no available rootcoord, check rootcoord state"] [stack="github.com/milvus-io/milvus/internal/util/grpcclient.(*ClientBase[...]).connect\n\tD:/a/milvus-lite/milvus-lite/milvus_binary/milvus/internal/util/grpcclient/client.go:161\ngithub.com/milvus-io/milvus/internal/util/grpcclient.(*ClientBase[...]).GetGrpcClient\n\tD:/a/milvus-lite/milvus-lite/milvus_binary/milvus/internal/util/grpcclient/client.go:134\ngithub.com/milvus-io/milvus/internal/util/grpcclient.(*ClientBase[...]).call.func1\n\tD:/a/milvus-lite/milvus-lite/milvus_binary/milvus/internal/util/grpcclient/client.go:279\ngithub.com/milvus-io/milvus/internal/util/grpcclient.(*ClientBase[...]).call.func2\n\tD:/a/milvus-lite/milvus-lite/milvus_binary/milvus/internal/util/grpcclient/client.go:291\ngithub.com/milvus-io/milvus/internal/util/retry.Do\n\tD:/a/milvus-lite/milvus-lite/milvus_binary/milvus/internal/util/retry/retry.go:39\ngithub.com/milvus-io/milvus/internal/util/grpcclient.(*ClientBase[...]).call\n\tD:/a/milvus-lite/milvus-lite/milvus_binary/milvus/internal/util/grpcclient/client.go:287\ngithub.com/milvus-io/milvus/internal/util/grpcclient.(*ClientBase[...]).Call\n\tD:/a/milvus-lite/milvus-lite/milvus_binary/milvus/internal/util/grpcclient/client.go:367\ngithub.com/milvus-io/milvus/internal/util/grpcclient.(*ClientBase[...]).ReCall\n\tD:/a/milvus-lite/milvus-lite/milvus_binary/milvus/internal/util/grpcclient/client.go:382\ngithub.com/milvus-io/milvus/internal/distributed/rootcoord/client.(*Client).GetComponentStates\n\tD:/a/milvus-lite/milvus-lite/milvus_binary/milvus/internal/distributed/rootcoord/client/client.go:132\ngithub.com/milvus-io/milvus/internal/util/funcutil.WaitForComponentStates.func1\n\tD:/a/milvus-lite/milvus-lite/milvus_binary/milvus/internal/util/funcutil/func.go:75\ngithub.com/milvus-io/milvus/internal/util/retry.Do\n\tD:/a/milvus-lite/milvus-lite/milvus_binary/milvus/internal/util/retry/retry.go:39\ngithub.com/milvus-io/milvus/internal/util/funcutil.WaitForComponentStates\n\tD:/a/milvus-lite/milvus-lite/milvus_binary/milvus/internal/util/funcutil/func.go:99\ngithub.com/milvus-io/milvus/internal/util/funcutil.WaitForComponentHealthy\n\tD:/a/milvus-lite/milvus-lite/milvus_binary/milvus/internal/util/funcutil/func.go:114\ngithub.com/milvus-io/milvus/internal/distributed/proxy.(*Server).init\n\tD:/a/milvus-lite/milvus-lite/milvus_binary/milvus/internal/distributed/proxy/service.go:544\ngithub.com/milvus-io/milvus/internal/distributed/proxy.(*Server).Run\n\tD:/a/milvus-lite/milvus-lite/milvus_binary/milvus/internal/distributed/proxy/service.go:369\ngithub.com/milvus-io/milvus/cmd/components.(*Proxy).Run\n\tD:/a/milvus-lite/milvus-lite/milvus_binary/milvus/cmd/components/proxy.go:51\ngithub.com/milvus-io/milvus/cmd/roles.runComponent[...].func1\n\tD:/a/milvus-lite/milvus-lite/milvus_binary/milvus/cmd/roles/roles.go:123"]
[2025/08/11 20:21:25.458 +08:00] [WARN] [grpcclient/client.go:291] ["fail to get grpc client in the retry state"] [module=Proxy] [client_role=rootcoord] [error="find no available rootcoord, check rootcoord state"]
[2025/08/11 20:21:25.458 +08:00] [WARN] [client/client.go:106] ["RootCoordClient mess key not exist"] [key=rootcoord]
[2025/08/11 20:21:25.458 +08:00] [ERROR] [grpcclient/client.go:161] ["failed to get client address"] [error="find no available rootcoord, check rootcoord state"] [stack="github.com/milvus-io/milvus/internal/util/grpcclient.(*ClientBase[...]).connect\n\tD:/a/milvus-lite/milvus-lite/milvus_binary/milvus/internal/util/grpcclient/client.go:161\ngithub.com/milvus-io/milvus/internal/util/grpcclient.(*ClientBase[...]).GetGrpcClient\n\tD:/a/milvus-lite/milvus-lite/milvus_binary/milvus/internal/util/grpcclient/client.go:134\ngithub.com/milvus-io/milvus/internal/util/grpcclient.(*ClientBase[...]).call.func1\n\tD:/a/milvus-lite/milvus-lite/milvus_binary/milvus/internal/util/grpcclient/client.go:279\ngithub.com/milvus-io/milvus/internal/util/grpcclient.(*ClientBase[...]).call.func2\n\tD:/a/milvus-lite/milvus-lite/milvus_binary/milvus/internal/util/grpcclient/client.go:291\ngithub.com/milvus-io/milvus/internal/util/retry.Do\n\tD:/a/milvus-lite/milvus-lite/milvus_binary/milvus/internal/util/retry/retry.go:39\ngithub.com/milvus-io/milvus/internal/util/grpcclient.(*ClientBase[...]).call\n\tD:/a/milvus-lite/milvus-lite/milvus_binary/milvus/internal/util/grpcclient/client.go:287\ngithub.com/milvus-io/milvus/internal/util/grpcclient.(*ClientBase[...]).Call\n\tD:/a/milvus-lite/milvus-lite/milvus_binary/milvus/internal/util/grpcclient/client.go:367\ngithub.com/milvus-io/milvus/internal/util/grpcclient.(*ClientBase[...]).ReCall\n\tD:/a/milvus-lite/milvus-lite/milvus_binary/milvus/internal/util/grpcclient/client.go:382\ngithub.com/milvus-io/milvus/internal/distributed/rootcoord/client.(*Client).GetComponentStates\n\tD:/a/milvus-lite/milvus-lite/milvus_binary/milvus/internal/distributed/rootcoord/client/client.go:132\ngithub.com/milvus-io/milvus/internal/util/funcutil.WaitForComponentStates.func1\n\tD:/a/milvus-lite/milvus-lite/milvus_binary/milvus/internal/util/funcutil/func.go:75\ngithub.com/milvus-io/milvus/internal/util/retry.Do\n\tD:/a/milvus-lite/milvus-lite/milvus_binary/milvus/internal/util/retry/retry.go:39\ngithub.com/milvus-io/milvus/internal/util/funcutil.WaitForComponentStates\n\tD:/a/milvus-lite/milvus-lite/milvus_binary/milvus/internal/util/funcutil/func.go:99\ngithub.com/milvus-io/milvus/internal/util/funcutil.WaitForComponentHealthy\n\tD:/a/milvus-lite/milvus-lite/milvus_binary/milvus/internal/util/funcutil/func.go:114\ngithub.com/milvus-io/milvus/internal/distributed/querycoord.(*Server).init\n\tD:/a/milvus-lite/milvus-lite/milvus_binary/milvus/internal/distributed/querycoord/service.go:168\ngithub.com/milvus-io/milvus/internal/distributed/querycoord.(*Server).Run\n\tD:/a/milvus-lite/milvus-lite/milvus_binary/milvus/internal/distributed/querycoord/service.go:102\ngithub.com/milvus-io/milvus/cmd/components.(*QueryCoord).Run\n\tD:/a/milvus-lite/milvus-lite/milvus_binary/milvus/cmd/components/query_coord.go:52\ngithub.com/milvus-io/milvus/cmd/roles.runComponent[...].func1\n\tD:/a/milvus-lite/milvus-lite/milvus_binary/milvus/cmd/roles/roles.go:123"]
[2025/08/11 20:21:25.459 +08:00] [WARN] [grpcclient/client.go:291] ["fail to get grpc client in the retry state"] [client_role=rootcoord] [error="find no available rootcoord, check rootcoord state"]
[2025/08/11 20:21:25.464 +08:00] [INFO] [sessionutil/session_util.go:305] ["Session get serverID success"] [key=id] [ServerId=3]
[2025/08/11 20:21:25.477 +08:00] [INFO] [paramtable/quota_param.go:787] ["init disk quota"] [diskQuota(MB)=+inf]
[2025/08/11 20:21:25.477 +08:00] [INFO] [paramtable/quota_param.go:802] ["init disk quota per DB"] [diskQuotaPerCollection(MB)=1.7976931348623157e+308]
[2025/08/11 20:21:25.477 +08:00] [INFO] [paramtable/component_param.go:1578] ["init segment max idle time"] [value=10m0s]
[2025/08/11 20:21:25.477 +08:00] [INFO] [paramtable/component_param.go:1583] ["init segment min size from idle to sealed"] [value=16]
[2025/08/11 20:21:25.477 +08:00] [INFO] [paramtable/component_param.go:1593] ["init segment max binlog file to sealed"] [value=32]
[2025/08/11 20:21:25.477 +08:00] [INFO] [paramtable/component_param.go:1588] ["init segment expansion rate"] [value=1.25]
[2025/08/11 20:21:25.478 +08:00] [INFO] [config/etcd_source.go:145] ["start refreshing configurations"]
[2025/08/11 20:21:25.500 +08:00] [INFO] [paramtable/base_table.go:145] ["cannot find etcd.endpoints"]
[2025/08/11 20:21:25.500 +08:00] [INFO] [paramtable/hook_config.go:19] ["hook config"] [hook={}]
[2025/08/11 20:21:25.501 +08:00] [WARN] [sessionutil/session_util.go:1044] ["open server info file fail"] [filePath="\\tmp\\milvus\\server_id_31084"] [error="open \\tmp\\milvus\\server_id_31084: The system cannot find the path specified."]
2025-08-11 20:21:25,514 INFO [default] [KNOWHERE][SetBlasThreshold][] Set faiss::distance_compute_blas_threshold to 16384
2025-08-11 20:21:25,514 INFO [default] [KNOWHERE][SetEarlyStopThreshold][] Set faiss::early_stop_threshold to 0
2025-08-11 20:21:25,514 INFO [default] [KNOWHERE][SetStatisticsLevel][] Set knowhere::STATISTICS_LEVEL to 0
2025-08-11 20:21:25,515 DEBUG [default] [SERVER][operator()][] Config easylogging with yaml file: E:\ZhiJiang\Code\2_DifyRelated\Milvus_db/configs/easylogging.yaml
2025-08-11 20:21:25,515 INFO [default] [KNOWHERE][SetSimdType][] FAISS expect simdType::AUTO
2025-08-11 20:21:25,516 INFO [default] [KNOWHERE][SetSimdType][] FAISS hook REF
2025-08-11 20:21:25,516 DEBUG [default] [SEGCORE][SetIndexSliceSize][] set config index slice size(byte): 16777216
2025-08-11 20:21:25,517 DEBUG [default] [SEGCORE][SetThreadCoreCoefficient][] set thread pool core coefficient: 10
2025-08-11 20:21:25,518 INFO [default] [KNOWHERE][SetBlasThreshold][] Set faiss::distance_compute_blas_threshold to 16384
2025-08-11 20:21:25,518 INFO [default] [KNOWHERE][SetEarlyStopThreshold][] Set faiss::early_stop_threshold to 0
2025-08-11 20:21:25,518 INFO [default] [KNOWHERE][SetStatisticsLevel][] Set knowhere::STATISTICS_LEVEL to 0
2025-08-11 20:21:25,519 DEBUG [default] [SERVER][operator()][] Config easylogging with yaml file: E:\ZhiJiang\Code\2_DifyRelated\Milvus_db/configs/easylogging.yaml
2025-08-11 20:21:25,519 DEBUG [default] [SEGCORE][SegcoreSetSimdType][] set config simd_type: auto
2025-08-11 20:21:25,519 INFO [default] [KNOWHERE][SetSimdType][] FAISS expect simdType::AUTO
2025-08-11 20:21:25,519 INFO [default] [KNOWHERE][SetSimdType][] FAISS hook REF
[2025/08/11 20:21:26.465 +08:00] [WARN] [retry/retry.go:39] ["grpc client is nil, maybe fail to get client in the retry state"] [module=Proxy] [client_role=rootcoord]
[2025/08/11 20:21:26.465 +08:00] [WARN] [retry/retry.go:39] ["grpc client is nil, maybe fail to get client in the retry state"] [client_role=rootcoord]
[2025/08/11 20:21:26.465 +08:00] [WARN] [retry/retry.go:39] ["grpc client is nil, maybe fail to get client in the retry state"] [client_role=rootcoord]
[2025/08/11 20:21:28.484 +08:00] [WARN] [grpcclient/client.go:367] ["fail to get grpc client"] [module=Proxy] [client_role=indexcoord] [error="find no available indexcoord, check indexcoord state"]
[2025/08/11 20:21:28.484 +08:00] [WARN] [retry/retry.go:39] ["grpc client is nil, maybe fail to get client in the retry state"] [module=Proxy] [client_role=indexcoord]
[2025/08/11 20:21:28.486 +08:00] [WARN] [grpcclient/client.go:291] ["fail to get grpc client in the retry state"] [module=Proxy] [client_role=indexcoord] [error="find no available indexcoord, check indexcoord state"]
[2025/08/11 20:21:29.486 +08:00] [WARN] [retry/retry.go:39] ["grpc client is nil, maybe fail to get client in the retry state"] [module=Proxy] [client_role=indexcoord]
[2025/08/11 20:21:31.501 +08:00] [WARN] [grpcclient/client.go:367] ["fail to get grpc client"] [module=Proxy] [client_role=querycoord] [error="find no available querycoord, check querycoord state"]
[2025/08/11 20:21:31.501 +08:00] [WARN] [retry/retry.go:39] ["grpc client is nil, maybe fail to get client in the retry state"] [module=Proxy] [client_role=querycoord]
[2025/08/11 20:21:31.504 +08:00] [WARN] [grpcclient/client.go:291] ["fail to get grpc client in the retry state"] [module=Proxy] [client_role=querycoord] [error="find no available querycoord, check querycoord state"]
[2025/08/11 20:21:32.510 +08:00] [WARN] [retry/retry.go:39] ["grpc client is nil, maybe fail to get client in the retry state"] [module=Proxy] [client_role=querycoord]
[2025/08/11 20:21:34.533 +08:00] [DEBUG] [rootcoord/service.go:528] [PolicyList] [role=rootcoord] [in=]
[2025/08/11 20:21:34.533 +08:00] [DEBUG] [rootcoord/service.go:528] ["PolicyList success"] [role=rootcoord]
---Milvus Proxy successfully initialized and ready to serve!---
