[2025/08/11 20:21:25.502 +08:00] [INFO] [logutil/logutil.go:165] ["Log directory"] [configDir="E:\\ZhiJiang\\Code\\2_DifyRelated\\Milvus_db\\logs"]
[2025/08/11 20:21:25.504 +08:00] [INFO] [logutil/logutil.go:166] ["Set log file to "] [path="E:\\ZhiJiang\\Code\\2_DifyRelated\\Milvus_db\\logs/standalone-1.log"]
[2025/08/11 20:21:25.504 +08:00] [DEBUG] [indexnode/indexnode.go:204] ["IndexNode init session successful"] [serverID=1]
[2025/08/11 20:21:25.514 +08:00] [DEBUG] [indexnode/indexnode.go:212] ["IndexNode NewMinIOKV succeeded"]
[2025/08/11 20:21:25.516 +08:00] [INFO] [sessionutil/session_util.go:207] ["Session try to connect to etcd"]
[2025/08/11 20:21:25.516 +08:00] [INFO] [indexcoord/index_coord.go:207] ["IndexCoord init"] [stateCode=Initializing]
[2025/08/11 20:21:25.516 +08:00] [INFO] [indexcoord/index_coord.go:214] ["IndexCoord try to connect etcd"]
[2025/08/11 20:21:25.506 +08:00] [INFO] [config/etcd_source.go:145] ["start refreshing configurations"]
[2025/08/11 20:21:25.516 +08:00] [INFO] [sessionutil/session_util.go:222] ["Session connect to etcd success"]
[2025/08/11 20:21:25.517 +08:00] [INFO] [indexcoord/meta_table.go:98] ["IndexCoord metaTable reloadFromKV load indexes"]
[2025/08/11 20:21:25.517 +08:00] [DEBUG] [indexnode/indexnode.go:218] ["Init IndexNode finished"] []
[2025/08/11 20:21:25.517 +08:00] [INFO] [indexcoord/meta_table.go:118] ["IndexCoord metaTable reloadFromKV success"]
[2025/08/11 20:21:25.517 +08:00] [INFO] [indexcoord/index_coord.go:221] ["IndexCoord try to connect etcd success"]
[2025/08/11 20:21:25.517 +08:00] [INFO] [indexnode/service.go:78] ["IndexNode init done ..."]
[2025/08/11 20:21:25.517 +08:00] [INFO] [indexcoord/index_coord.go:225] [IndexCoord] ["session number"=0] [revision=5]
[2025/08/11 20:21:25.517 +08:00] [INFO] [indexnode/task_scheduler.go:240] ["IndexNode TaskScheduler start build loop ..."]
[2025/08/11 20:21:25.517 +08:00] [INFO] [indexcoord/index_coord.go:230] ["IndexCoord get node sessions from etcd"] ["bind mode"=false] ["node address"=localhost:22930]
[2025/08/11 20:21:25.517 +08:00] [INFO] [indexcoord/index_coord.go:253] [IndexCoord] ["IndexNode number"=0]
[2025/08/11 20:21:25.517 +08:00] [DEBUG] [indexnode/indexnode.go:233] [IndexNode] [State=Healthy]
[2025/08/11 20:21:25.517 +08:00] [DEBUG] [indexnode/indexnode.go:236] ["IndexNode start finished"] []
[2025/08/11 20:21:25.517 +08:00] [INFO] [sessionutil/session_util.go:368] ["service begin to register to etcd"] [serverName=indexnode] [ServerID=1]
[2025/08/11 20:21:25.517 +08:00] [WARN] [sessionutil/session_util.go:1044] ["open server info file fail"] [filePath="\\tmp\\milvus\\server_id_31084"] [error="open \\tmp\\milvus\\server_id_31084: The system cannot find the path specified."]
[2025/08/11 20:21:25.517 +08:00] [INFO] [querynode/query_node.go:211] ["QueryNode init session"] [nodeID=3] ["node address"=10.12.4.21:40002]
[2025/08/11 20:21:25.517 +08:00] [INFO] [querynode/query_node.go:327] ["QueryNode init rateCollector done"] [nodeID=3]
[2025/08/11 20:21:25.517 +08:00] [INFO] [indexcoord/index_coord.go:264] ["IndexCoord new minio chunkManager success"]
[2025/08/11 20:21:25.518 +08:00] [INFO] [indexcoord/flush_segment_watcher.go:87] ["flushSegmentWatcher reloadFromKV"]
[2025/08/11 20:21:25.517 +08:00] [INFO] [querynode/query_node.go:337] ["queryNode try to connect etcd success"] [MetaRootPath=by-dev/meta]
[2025/08/11 20:21:25.518 +08:00] [INFO] [querynode/segment_loader.go:978] ["SegmentLoader created"] [ioPoolSize=64] [cpuPoolSize=8]
[2025/08/11 20:21:25.519 +08:00] [INFO] [gc/gc_tuner.go:130] ["GC Helper initialized."] ["Initial GoGC"=100] [minimumGOGC=30] [maximumGOGC=200] [memoryThreshold=15196749004]
[2025/08/11 20:21:25.520 +08:00] [INFO] [querynode/query_node.go:382] ["query node init successfully"] [queryNodeID=3] [IP=10.12.4.21] [Port=40002]
[2025/08/11 20:21:25.520 +08:00] [INFO] [querynode/service.go:235] ["QueryNode init done ..."]
[2025/08/11 20:21:25.520 +08:00] [INFO] [querynode/query_node.go:411] ["query node start successfully"] [queryNodeID=3] [IP=10.12.4.21] [Port=40002]
[2025/08/11 20:21:25.520 +08:00] [INFO] [sessionutil/session_util.go:368] ["service begin to register to etcd"] [serverName=querynode] [ServerID=3]
[2025/08/11 20:21:25.520 +08:00] [INFO] [indexcoord/flush_segment_watcher.go:109] ["flushSegmentWatcher reloadFromKV success"] [etcdRevision=5]
[2025/08/11 20:21:25.521 +08:00] [INFO] [indexcoord/index_coord.go:278] ["IndexCoord new task scheduler success"]
[2025/08/11 20:21:25.521 +08:00] [INFO] [indexcoord/index_coord.go:281] ["IndexCoord init finished"]
[2025/08/11 20:21:25.521 +08:00] [INFO] [sessionutil/session_util.go:207] ["Session try to connect to etcd"]
[2025/08/11 20:21:25.531 +08:00] [INFO] [sessionutil/session_util.go:222] ["Session connect to etcd success"]
[2025/08/11 20:21:25.531 +08:00] [INFO] [indexcoord/service.go:151] ["IndexCoord try to wait for RootCoord ready"]
[2025/08/11 20:21:25.531 +08:00] [INFO] [sessionutil/session_util.go:405] ["put session key into etcd"] [key=by-dev/meta/session/indexnode-1] [value="{\"ServerID\":1,\"ServerName\":\"indexnode\",\"Address\":\"10.12.4.21:40004\",\"TriggerKill\":true,\"Version\":\"2.2.16\"}"]
[2025/08/11 20:21:25.532 +08:00] [INFO] [sessionutil/session_util.go:417] ["Service registered successfully"] [ServerName=indexnode] [serverID=1]
[2025/08/11 20:21:25.532 +08:00] [INFO] [indexnode/indexnode.go:133] ["IndexNode Register Finished"]
[2025/08/11 20:21:25.532 +08:00] [INFO] [sessionutil/session_util.go:690] ["watch services"] ["add kv"="key:\"by-dev/meta/session/indexnode-1\" create_revision:6 mod_revision:6 version:1 value:\"{\\\"ServerID\\\":1,\\\"ServerName\\\":\\\"indexnode\\\",\\\"Address\\\":\\\"10.12.4.21:40004\\\",\\\"TriggerKill\\\":true,\\\"Version\\\":\\\"2.2.16\\\"}\" lease:7587888730422874134 "]
[2025/08/11 20:21:25.532 +08:00] [INFO] [sessionutil/session_util.go:718] [WatchService] ["event type"=SessionAddEvent]
[2025/08/11 20:21:25.539 +08:00] [INFO] [sessionutil/session_util.go:405] ["put session key into etcd"] [key=by-dev/meta/session/querynode-3] [value="{\"ServerID\":3,\"ServerName\":\"querynode\",\"Address\":\"10.12.4.21:40002\",\"TriggerKill\":true,\"Version\":\"2.2.16\"}"]
[2025/08/11 20:21:25.539 +08:00] [INFO] [sessionutil/session_util.go:417] ["Service registered successfully"] [ServerName=querynode] [serverID=3]
[2025/08/11 20:21:25.539 +08:00] [INFO] [querynode/query_node.go:219] ["QueryNode Register Finished"]
[2025/08/11 20:21:25.539 +08:00] [WARN] [client/client.go:106] ["RootCoordClient mess key not exist"] [key=rootcoord]
[2025/08/11 20:21:25.539 +08:00] [ERROR] [grpcclient/client.go:161] ["failed to get client address"] [error="find no available rootcoord, check rootcoord state"] [stack="github.com/milvus-io/milvus/internal/util/grpcclient.(*ClientBase[...]).connect\n\tD:/a/milvus-lite/milvus-lite/milvus_binary/milvus/internal/util/grpcclient/client.go:161\ngithub.com/milvus-io/milvus/internal/util/grpcclient.(*ClientBase[...]).GetGrpcClient\n\tD:/a/milvus-lite/milvus-lite/milvus_binary/milvus/internal/util/grpcclient/client.go:134\ngithub.com/milvus-io/milvus/internal/util/grpcclient.(*ClientBase[...]).call\n\tD:/a/milvus-lite/milvus-lite/milvus_binary/milvus/internal/util/grpcclient/client.go:272\ngithub.com/milvus-io/milvus/internal/util/grpcclient.(*ClientBase[...]).Call\n\tD:/a/milvus-lite/milvus-lite/milvus_binary/milvus/internal/util/grpcclient/client.go:367\ngithub.com/milvus-io/milvus/internal/util/grpcclient.(*ClientBase[...]).ReCall\n\tD:/a/milvus-lite/milvus-lite/milvus_binary/milvus/internal/util/grpcclient/client.go:382\ngithub.com/milvus-io/milvus/internal/distributed/rootcoord/client.(*Client).GetComponentStates\n\tD:/a/milvus-lite/milvus-lite/milvus_binary/milvus/internal/distributed/rootcoord/client/client.go:132\ngithub.com/milvus-io/milvus/internal/util/funcutil.WaitForComponentStates.func1\n\tD:/a/milvus-lite/milvus-lite/milvus_binary/milvus/internal/util/funcutil/func.go:75\ngithub.com/milvus-io/milvus/internal/util/retry.Do\n\tD:/a/milvus-lite/milvus-lite/milvus_binary/milvus/internal/util/retry/retry.go:39\ngithub.com/milvus-io/milvus/internal/util/funcutil.WaitForComponentStates\n\tD:/a/milvus-lite/milvus-lite/milvus_binary/milvus/internal/util/funcutil/func.go:99\ngithub.com/milvus-io/milvus/internal/util/funcutil.WaitForComponentHealthy\n\tD:/a/milvus-lite/milvus-lite/milvus_binary/milvus/internal/util/funcutil/func.go:114\ngithub.com/milvus-io/milvus/internal/distributed/indexcoord.(*Server).init\n\tD:/a/milvus-lite/milvus-lite/milvus_binary/milvus/internal/distributed/indexcoord/service.go:152\ngithub.com/milvus-io/milvus/internal/distributed/indexcoord.(*Server).Run\n\tD:/a/milvus-lite/milvus-lite/milvus_binary/milvus/internal/distributed/indexcoord/service.go:85\ngithub.com/milvus-io/milvus/cmd/components.(*IndexCoord).Run\n\tD:/a/milvus-lite/milvus-lite/milvus_binary/milvus/cmd/components/index_coord.go:51\ngithub.com/milvus-io/milvus/cmd/roles.runComponent[...].func1\n\tD:/a/milvus-lite/milvus-lite/milvus_binary/milvus/cmd/roles/roles.go:123"]
[2025/08/11 20:21:25.540 +08:00] [WARN] [grpcclient/client.go:274] ["fail to get grpc client"] [client_role=rootcoord] [error="find no available rootcoord, check rootcoord state"]
[2025/08/11 20:21:25.540 +08:00] [WARN] [grpcclient/client.go:290] ["grpc client is nil, maybe fail to get client in the retry state"] [client_role=rootcoord]
[2025/08/11 20:21:25.540 +08:00] [WARN] [sessionutil/session_util.go:337] ["fail to get the session key from the etcd"] []
[2025/08/11 20:21:25.540 +08:00] [WARN] [sessionutil/session_util.go:337] ["fail to get the session key from the etcd"] []
[2025/08/11 20:21:25.541 +08:00] [WARN] [client/client.go:106] ["RootCoordClient mess key not exist"] [key=rootcoord]
[2025/08/11 20:21:25.541 +08:00] [ERROR] [grpcclient/client.go:161] ["failed to get client address"] [error="find no available rootcoord, check rootcoord state"] [stack="github.com/milvus-io/milvus/internal/util/grpcclient.(*ClientBase[...]).connect\n\tD:/a/milvus-lite/milvus-lite/milvus_binary/milvus/internal/util/grpcclient/client.go:161\ngithub.com/milvus-io/milvus/internal/util/grpcclient.(*ClientBase[...]).GetGrpcClient\n\tD:/a/milvus-lite/milvus-lite/milvus_binary/milvus/internal/util/grpcclient/client.go:134\ngithub.com/milvus-io/milvus/internal/util/grpcclient.(*ClientBase[...]).call.func1\n\tD:/a/milvus-lite/milvus-lite/milvus_binary/milvus/internal/util/grpcclient/client.go:279\ngithub.com/milvus-io/milvus/internal/util/grpcclient.(*ClientBase[...]).call.func2\n\tD:/a/milvus-lite/milvus-lite/milvus_binary/milvus/internal/util/grpcclient/client.go:291\ngithub.com/milvus-io/milvus/internal/util/retry.Do\n\tD:/a/milvus-lite/milvus-lite/milvus_binary/milvus/internal/util/retry/retry.go:39\ngithub.com/milvus-io/milvus/internal/util/grpcclient.(*ClientBase[...]).call\n\tD:/a/milvus-lite/milvus-lite/milvus_binary/milvus/internal/util/grpcclient/client.go:287\ngithub.com/milvus-io/milvus/internal/util/grpcclient.(*ClientBase[...]).Call\n\tD:/a/milvus-lite/milvus-lite/milvus_binary/milvus/internal/util/grpcclient/client.go:367\ngithub.com/milvus-io/milvus/internal/util/grpcclient.(*ClientBase[...]).ReCall\n\tD:/a/milvus-lite/milvus-lite/milvus_binary/milvus/internal/util/grpcclient/client.go:382\ngithub.com/milvus-io/milvus/internal/distributed/rootcoord/client.(*Client).GetComponentStates\n\tD:/a/milvus-lite/milvus-lite/milvus_binary/milvus/internal/distributed/rootcoord/client/client.go:132\ngithub.com/milvus-io/milvus/internal/util/funcutil.WaitForComponentStates.func1\n\tD:/a/milvus-lite/milvus-lite/milvus_binary/milvus/internal/util/funcutil/func.go:75\ngithub.com/milvus-io/milvus/internal/util/retry.Do\n\tD:/a/milvus-lite/milvus-lite/milvus_binary/milvus/internal/util/retry/retry.go:39\ngithub.com/milvus-io/milvus/internal/util/funcutil.WaitForComponentStates\n\tD:/a/milvus-lite/milvus-lite/milvus_binary/milvus/internal/util/funcutil/func.go:99\ngithub.com/milvus-io/milvus/internal/util/funcutil.WaitForComponentHealthy\n\tD:/a/milvus-lite/milvus-lite/milvus_binary/milvus/internal/util/funcutil/func.go:114\ngithub.com/milvus-io/milvus/internal/distributed/indexcoord.(*Server).init\n\tD:/a/milvus-lite/milvus-lite/milvus_binary/milvus/internal/distributed/indexcoord/service.go:152\ngithub.com/milvus-io/milvus/internal/distributed/indexcoord.(*Server).Run\n\tD:/a/milvus-lite/milvus-lite/milvus_binary/milvus/internal/distributed/indexcoord/service.go:85\ngithub.com/milvus-io/milvus/cmd/components.(*IndexCoord).Run\n\tD:/a/milvus-lite/milvus-lite/milvus_binary/milvus/cmd/components/index_coord.go:51\ngithub.com/milvus-io/milvus/cmd/roles.runComponent[...].func1\n\tD:/a/milvus-lite/milvus-lite/milvus_binary/milvus/cmd/roles/roles.go:123"]
[2025/08/11 20:21:25.541 +08:00] [WARN] [grpcclient/client.go:281] ["fail to get grpc client in the retry state"] [client_role=rootcoord] [error="find no available rootcoord, check rootcoord state"]
[2025/08/11 20:21:25.541 +08:00] [INFO] [querynode/service.go:240] ["QueryNode start done ..."]
[2025/08/11 20:21:25.541 +08:00] [DEBUG] [components/query_node.go:57] ["QueryNode successfully started"]
[2025/08/11 20:21:25.541 +08:00] [INFO] [indexnode/service.go:214] ["IndexNode Register etcd success"]
[2025/08/11 20:21:25.541 +08:00] [INFO] [indexnode/service.go:82] ["IndexNode start done ..."]
[2025/08/11 20:21:25.541 +08:00] [DEBUG] [components/index_node.go:55] ["IndexNode successfully started"]
[2025/08/11 20:21:25.551 +08:00] [DEBUG] [paramtable/grpc_param.go:263] ["Init client max send size"] [role=indexcoord] [grpc.clientMaxSendSize=104857600]
[2025/08/11 20:21:25.551 +08:00] [DEBUG] [paramtable/grpc_param.go:263] ["Init client max recv size"] [role=indexcoord] [grpc.clientMaxRecvSize=104857600]
[2025/08/11 20:21:25.551 +08:00] [DEBUG] [paramtable/grpc_param.go:263] ["Init dial timeout"] [role=indexcoord] [grpc.client.dialTimeout=104857600]
[2025/08/11 20:21:25.551 +08:00] [DEBUG] [paramtable/grpc_param.go:263] ["Init keep alive timeout"] [role=indexcoord] [grpc.client.keepAliveTimeout=104857600]
[2025/08/11 20:21:25.551 +08:00] [DEBUG] [paramtable/grpc_param.go:263] ["Init keep alive time"] [role=indexcoord] [grpc.client.keepAliveTime=104857600]
[2025/08/11 20:21:25.551 +08:00] [DEBUG] [paramtable/grpc_param.go:263] ["Init max attempts"] [role=indexcoord] [grpc.client.maxMaxAttempts=104857600]
[2025/08/11 20:21:25.552 +08:00] [DEBUG] [paramtable/grpc_param.go:263] ["Init initial back off"] [role=indexcoord] [grpc.client.initialBackOff=104857600]
[2025/08/11 20:21:25.552 +08:00] [DEBUG] [paramtable/grpc_param.go:263] ["Init max back off"] [role=indexcoord] [grpc.client.maxBackoff=104857600]
[2025/08/11 20:21:25.552 +08:00] [INFO] [rootcoord/service.go:221] ["RootCoord start to create QueryCoord client"]
[2025/08/11 20:21:25.552 +08:00] [INFO] [sessionutil/session_util.go:207] ["Session try to connect to etcd"]
[2025/08/11 20:21:25.552 +08:00] [INFO] [datacoord/service.go:123] ["create IndexCoord client for DataCoord done"]
[2025/08/11 20:21:25.552 +08:00] [INFO] [datacoord/service.go:126] ["init IndexCoord client for DataCoord"]
[2025/08/11 20:21:25.552 +08:00] [INFO] [datacoord/service.go:131] ["init IndexCoord client for DataCoord done"]
[2025/08/11 20:21:25.552 +08:00] [INFO] [datacoord/service.go:159] ["network port"] [port=40005]
[2025/08/11 20:21:25.568 +08:00] [INFO] [gc/gc_tuner.go:84] ["GC Tune done"] ["previous GOGC"=100] ["heapuse "=21] ["total memory"=10218] ["next GC"=32] ["new GOGC"=200] [gc-pause=2.6109ms] [gc-pause-end=1754914885557937400]
[2025/08/11 20:21:25.574 +08:00] [INFO] [sessionutil/session_util.go:222] ["Session connect to etcd success"]
[2025/08/11 20:21:25.591 +08:00] [INFO] [config/etcd_source.go:145] ["start refreshing configurations"]
[2025/08/11 20:21:25.619 +08:00] [INFO] [sessionutil/session_util.go:814] ["register session success"] [role=querynode] [key=by-dev/meta/session/querynode-3]
[2025/08/11 20:21:25.622 +08:00] [DEBUG] [paramtable/grpc_param.go:263] ["Init client max send size"] [role=querycoord] [grpc.clientMaxSendSize=104857600]
[2025/08/11 20:21:25.622 +08:00] [DEBUG] [paramtable/grpc_param.go:263] ["Init client max recv size"] [role=querycoord] [grpc.clientMaxRecvSize=104857600]
[2025/08/11 20:21:25.622 +08:00] [DEBUG] [paramtable/grpc_param.go:263] ["Init dial timeout"] [role=querycoord] [grpc.client.dialTimeout=104857600]
[2025/08/11 20:21:25.622 +08:00] [DEBUG] [paramtable/grpc_param.go:263] ["Init keep alive timeout"] [role=querycoord] [grpc.client.keepAliveTimeout=104857600]
[2025/08/11 20:21:25.622 +08:00] [DEBUG] [paramtable/grpc_param.go:263] ["Init keep alive time"] [role=querycoord] [grpc.client.keepAliveTime=104857600]
[2025/08/11 20:21:25.622 +08:00] [DEBUG] [paramtable/grpc_param.go:263] ["Init max attempts"] [role=querycoord] [grpc.client.maxMaxAttempts=104857600]
[2025/08/11 20:21:25.622 +08:00] [DEBUG] [paramtable/grpc_param.go:263] ["Init initial back off"] [role=querycoord] [grpc.client.initialBackOff=104857600]
[2025/08/11 20:21:25.622 +08:00] [DEBUG] [paramtable/grpc_param.go:263] ["Init max back off"] [role=querycoord] [grpc.client.maxBackoff=104857600]
[2025/08/11 20:21:25.622 +08:00] [INFO] [sessionutil/session_util.go:207] ["Session try to connect to etcd"]
[2025/08/11 20:21:25.622 +08:00] [INFO] [sessionutil/session_util.go:222] ["Session connect to etcd success"]
[2025/08/11 20:21:25.640 +08:00] [INFO] [sessionutil/session_util.go:305] ["Session get serverID success"] [key=id] [ServerId=4]
[2025/08/11 20:21:25.640 +08:00] [INFO] [rootcoord/root_coord.go:173] ["update rootcoord state"] [state=Initializing]
[2025/08/11 20:21:25.644 +08:00] [INFO] [tso/tso.go:121] ["sync and save timestamp"] [last=0001/01/01 00:00:00.000 +00:00] [save=2025/08/11 20:21:28.640 +08:00] [next=2025/08/11 20:21:25.640 +08:00]
[2025/08/11 20:21:25.644 +08:00] [INFO] [rootcoord/root_coord.go:385] ["id allocator initialized"] [root_path=by-dev/kv] [sub_path=gid] [key=idTimestamp]
[2025/08/11 20:21:25.650 +08:00] [INFO] [tso/tso.go:121] ["sync and save timestamp"] [last=0001/01/01 00:00:00.000 +00:00] [save=2025/08/11 20:21:28.644 +08:00] [next=2025/08/11 20:21:25.644 +08:00]
[2025/08/11 20:21:25.650 +08:00] [INFO] [rootcoord/root_coord.go:401] ["tso allocator initialized"] [root_path=by-dev/kv] [sub_path=gid] [key=idTimestamp]
[2025/08/11 20:21:25.651 +08:00] [DEBUG] [rootcoord/suffix_snapshot.go:558] ["suffix snapshot GC goroutine start!"]
[2025/08/11 20:21:25.653 +08:00] [INFO] [sessionutil/session_util.go:207] ["Session try to connect to etcd"]
[2025/08/11 20:21:25.653 +08:00] [INFO] [rootcoord/meta_table.go:148] ["recover databases"] ["num of dbs"=0]
[2025/08/11 20:21:25.653 +08:00] [INFO] [sessionutil/session_util.go:222] ["Session connect to etcd success"]
[2025/08/11 20:21:25.663 +08:00] [INFO] [sessionutil/session_util.go:305] ["Session get serverID success"] [key=id] [ServerId=5]
[2025/08/11 20:21:25.663 +08:00] [INFO] [sessionutil/session_util.go:207] ["Session try to connect to etcd"]
[2025/08/11 20:21:25.664 +08:00] [INFO] [sessionutil/session_util.go:222] ["Session connect to etcd success"]
[2025/08/11 20:21:25.664 +08:00] [INFO] [rootcoord/meta_table.go:271] ["create database"] [db=default] [ts=460040407782260737]
[2025/08/11 20:21:25.665 +08:00] [INFO] [datacoord/server.go:439] ["DataCoord success to get DataNode sessions"] [sessions={}]
[2025/08/11 20:21:25.665 +08:00] [INFO] [datacoord/channel_manager.go:171] ["starting etcd states checker"]
[2025/08/11 20:21:25.665 +08:00] [INFO] [datacoord/channel_manager.go:176] ["starting background balance checker"]
[2025/08/11 20:21:25.665 +08:00] [INFO] [datacoord/channel_manager.go:179] ["cluster start up"] [nodes="[]"] [oNodes="[]"] ["old onlines"="[]"] ["new onlines"="[]"] [offLines="[]"]
[2025/08/11 20:21:25.665 +08:00] [INFO] [rootcoord/meta_table.go:186] ["recover collections from db"] [collection_num=0] [partition_num=0]
[2025/08/11 20:21:25.666 +08:00] [INFO] [rootcoord/meta_table.go:203] ["meta table recovery finished"]
[2025/08/11 20:21:25.666 +08:00] [INFO] [server/rocksmq_impl.go:384] ["Rocksmq create topic successfully "] [topic=by-dev-rootcoord-dml_0] [elapsed=0]
[2025/08/11 20:21:25.666 +08:00] [DEBUG] [rmq/rmq_client.go:65] ["tr/create producer"] [msg="create producer done"] [duration=510.4µs]
[2025/08/11 20:21:25.666 +08:00] [INFO] [server/rocksmq_impl.go:384] ["Rocksmq create topic successfully "] [topic=by-dev-rootcoord-dml_1] [elapsed=0]
[2025/08/11 20:21:25.666 +08:00] [DEBUG] [rmq/rmq_client.go:65] ["tr/create producer"] [msg="create producer done"] [duration=0s]
[2025/08/11 20:21:25.666 +08:00] [INFO] [server/rocksmq_impl.go:384] ["Rocksmq create topic successfully "] [topic=by-dev-rootcoord-dml_2] [elapsed=0]
[2025/08/11 20:21:25.666 +08:00] [DEBUG] [rmq/rmq_client.go:65] ["tr/create producer"] [msg="create producer done"] [duration=0s]
[2025/08/11 20:21:25.666 +08:00] [INFO] [server/rocksmq_impl.go:384] ["Rocksmq create topic successfully "] [topic=by-dev-rootcoord-dml_3] [elapsed=0]
[2025/08/11 20:21:25.666 +08:00] [DEBUG] [rmq/rmq_client.go:65] ["tr/create producer"] [msg="create producer done"] [duration=0s]
[2025/08/11 20:21:25.667 +08:00] [INFO] [server/rocksmq_impl.go:384] ["Rocksmq create topic successfully "] [topic=by-dev-rootcoord-dml_4] [elapsed=0]
[2025/08/11 20:21:25.667 +08:00] [DEBUG] [rmq/rmq_client.go:65] ["tr/create producer"] [msg="create producer done"] [duration=0s]
[2025/08/11 20:21:25.667 +08:00] [INFO] [server/rocksmq_impl.go:384] ["Rocksmq create topic successfully "] [topic=by-dev-rootcoord-dml_5] [elapsed=0]
[2025/08/11 20:21:25.667 +08:00] [DEBUG] [rmq/rmq_client.go:65] ["tr/create producer"] [msg="create producer done"] [duration=0s]
[2025/08/11 20:21:25.666 +08:00] [INFO] [datacoord/segment_reference_manager.go:41] ["create a new segment reference manager"]
[2025/08/11 20:21:25.668 +08:00] [INFO] [server/rocksmq_impl.go:384] ["Rocksmq create topic successfully "] [topic=by-dev-rootcoord-dml_6] [elapsed=0]
[2025/08/11 20:21:25.668 +08:00] [DEBUG] [rmq/rmq_client.go:65] ["tr/create producer"] [msg="create producer done"] [duration=999.5µs]
[2025/08/11 20:21:25.668 +08:00] [INFO] [datacoord/segment_reference_manager.go:184] ["recovery reference lock on segments by online nodes"] ["online nodeIDs"="[]"]
[2025/08/11 20:21:25.668 +08:00] [INFO] [server/rocksmq_impl.go:384] ["Rocksmq create topic successfully "] [topic=by-dev-rootcoord-dml_7] [elapsed=0]
[2025/08/11 20:21:25.668 +08:00] [DEBUG] [rmq/rmq_client.go:65] ["tr/create producer"] [msg="create producer done"] [duration=0s]
[2025/08/11 20:21:25.668 +08:00] [INFO] [datacoord/segment_reference_manager.go:204] ["recovery reference lock on segments by online nodes successfully"] ["online nodeIDs"="[]"] ["offline nodeIDs"={}]
[2025/08/11 20:21:25.669 +08:00] [INFO] [datacoord/segment_reference_manager.go:75] ["create new segment reference manager successfully"]
[2025/08/11 20:21:25.669 +08:00] [INFO] [server/rocksmq_impl.go:384] ["Rocksmq create topic successfully "] [topic=by-dev-rootcoord-dml_8] [elapsed=1]
[2025/08/11 20:21:25.669 +08:00] [INFO] [datacoord/garbage_collector.go:71] ["GC with option"] [enabled=true] [interval=1h0m0s] [missingTolerance=1h0m0s] [dropTolerance=3h0m0s]
[2025/08/11 20:21:25.669 +08:00] [DEBUG] [rmq/rmq_client.go:65] ["tr/create producer"] [msg="create producer done"] [duration=1.0021ms]
[2025/08/11 20:21:25.669 +08:00] [INFO] [datacoord/service.go:264] ["DataCoord init done ..."]
[2025/08/11 20:21:25.669 +08:00] [INFO] [sessionutil/session_util.go:368] ["service begin to register to etcd"] [serverName=datacoord] [ServerID=5]
[2025/08/11 20:21:25.669 +08:00] [INFO] [server/rocksmq_impl.go:384] ["Rocksmq create topic successfully "] [topic=by-dev-rootcoord-dml_9] [elapsed=0]
[2025/08/11 20:21:25.669 +08:00] [DEBUG] [rmq/rmq_client.go:65] ["tr/create producer"] [msg="create producer done"] [duration=0s]
[2025/08/11 20:21:25.670 +08:00] [INFO] [server/rocksmq_impl.go:384] ["Rocksmq create topic successfully "] [topic=by-dev-rootcoord-dml_10] [elapsed=0]
[2025/08/11 20:21:25.670 +08:00] [DEBUG] [rmq/rmq_client.go:65] ["tr/create producer"] [msg="create producer done"] [duration=508.7µs]
[2025/08/11 20:21:25.670 +08:00] [INFO] [server/rocksmq_impl.go:384] ["Rocksmq create topic successfully "] [topic=by-dev-rootcoord-dml_11] [elapsed=0]
[2025/08/11 20:21:25.670 +08:00] [DEBUG] [rmq/rmq_client.go:65] ["tr/create producer"] [msg="create producer done"] [duration=0s]
[2025/08/11 20:21:25.670 +08:00] [INFO] [config/etcd_source.go:145] ["start refreshing configurations"]
[2025/08/11 20:21:25.670 +08:00] [INFO] [server/rocksmq_impl.go:384] ["Rocksmq create topic successfully "] [topic=by-dev-rootcoord-dml_12] [elapsed=0]
[2025/08/11 20:21:25.670 +08:00] [DEBUG] [rmq/rmq_client.go:65] ["tr/create producer"] [msg="create producer done"] [duration=0s]
[2025/08/11 20:21:25.671 +08:00] [INFO] [server/rocksmq_impl.go:384] ["Rocksmq create topic successfully "] [topic=by-dev-rootcoord-dml_13] [elapsed=0]
[2025/08/11 20:21:25.671 +08:00] [DEBUG] [rmq/rmq_client.go:65] ["tr/create producer"] [msg="create producer done"] [duration=0s]
[2025/08/11 20:21:25.671 +08:00] [INFO] [server/rocksmq_impl.go:384] ["Rocksmq create topic successfully "] [topic=by-dev-rootcoord-dml_14] [elapsed=0]
[2025/08/11 20:21:25.671 +08:00] [DEBUG] [rmq/rmq_client.go:65] ["tr/create producer"] [msg="create producer done"] [duration=0s]
[2025/08/11 20:21:25.671 +08:00] [INFO] [server/rocksmq_impl.go:384] ["Rocksmq create topic successfully "] [topic=by-dev-rootcoord-dml_15] [elapsed=0]
[2025/08/11 20:21:25.671 +08:00] [DEBUG] [rmq/rmq_client.go:65] ["tr/create producer"] [msg="create producer done"] [duration=0s]
[2025/08/11 20:21:25.671 +08:00] [INFO] [rootcoord/dml_channels.go:178] ["init dml channels"] [prefix=by-dev-rootcoord-dml] [num=16]
[2025/08/11 20:21:25.671 +08:00] [INFO] [rootcoord/timeticksync.go:226] ["Add session for timeticksync"] [serverID=4]
[2025/08/11 20:21:25.671 +08:00] [INFO] [rootcoord/root_coord.go:470] ["RootCoord init QuotaCenter done"]
[2025/08/11 20:21:25.670 +08:00] [INFO] [paramtable/quota_param.go:787] ["init disk quota"] [diskQuota(MB)=+inf]
[2025/08/11 20:21:25.672 +08:00] [INFO] [paramtable/quota_param.go:802] ["init disk quota per DB"] [diskQuotaPerCollection(MB)=1.7976931348623157e+308]
[2025/08/11 20:21:25.672 +08:00] [INFO] [paramtable/component_param.go:1578] ["init segment max idle time"] [value=10m0s]
[2025/08/11 20:21:25.672 +08:00] [INFO] [paramtable/component_param.go:1583] ["init segment min size from idle to sealed"] [value=16]
[2025/08/11 20:21:25.672 +08:00] [INFO] [paramtable/component_param.go:1593] ["init segment max binlog file to sealed"] [value=32]
[2025/08/11 20:21:25.672 +08:00] [INFO] [paramtable/component_param.go:1588] ["init segment expansion rate"] [value=1.25]
[2025/08/11 20:21:25.673 +08:00] [DEBUG] [rootcoord/kv_catalog.go:387] ["not found the user"] [key=root-coord/credential/users/root]
[2025/08/11 20:21:25.674 +08:00] [INFO] [rootcoord/root_coord.go:532] ["RootCoord init user root"]
[2025/08/11 20:21:25.674 +08:00] [INFO] [paramtable/base_table.go:145] ["cannot find etcd.endpoints"]
[2025/08/11 20:21:25.674 +08:00] [INFO] [paramtable/hook_config.go:19] ["hook config"] [hook={}]
[2025/08/11 20:21:25.686 +08:00] [INFO] [sessionutil/session_util.go:405] ["put session key into etcd"] [key=by-dev/meta/session/datacoord] [value="{\"ServerID\":5,\"ServerName\":\"datacoord\",\"Address\":\"10.12.4.21:40005\",\"Exclusive\":true,\"TriggerKill\":true,\"Version\":\"2.2.16\"}"]
[2025/08/11 20:21:25.687 +08:00] [INFO] [sessionutil/session_util.go:417] ["Service registered successfully"] [ServerName=datacoord] [serverID=5]
[2025/08/11 20:21:25.687 +08:00] [INFO] [datacoord/server.go:242] ["DataCoord Register Finished"]
[2025/08/11 20:21:25.687 +08:00] [DEBUG] [rootcoord/kv_catalog.go:387] ["not found the user"] [key=root-coord/credential/users/root]
[2025/08/11 20:21:25.687 +08:00] [WARN] [sessionutil/session_util.go:337] ["fail to get the session key from the etcd"] []
[2025/08/11 20:21:25.688 +08:00] [WARN] [sessionutil/session_util.go:1044] ["open server info file fail"] [filePath="\\tmp\\milvus\\server_id_31084"] [error="open \\tmp\\milvus\\server_id_31084: The system cannot find the path specified."]
[2025/08/11 20:21:25.688 +08:00] [INFO] [datacoord/server.go:351] ["DataCoord startup successfully"]
[2025/08/11 20:21:25.688 +08:00] [INFO] [datacoord/service.go:269] ["DataCoord start done ..."]
[2025/08/11 20:21:25.688 +08:00] [DEBUG] [components/data_coord.go:53] ["DataCoord successfully started"]
[2025/08/11 20:21:25.701 +08:00] [DEBUG] [rootcoord/kv_catalog.go:965] ["not found the privilege entity"] [key=root-coord/credential/grantee-privileges/public/Global/*.*] [type=Grant]
[2025/08/11 20:21:25.707 +08:00] [DEBUG] [rootcoord/kv_catalog.go:994] ["not found the grantee id"] [key=root-coord/credential/grantee-id/250dd41b686083b0/PrivilegeDescribeCollection]
[2025/08/11 20:21:25.710 +08:00] [DEBUG] [rootcoord/kv_catalog.go:994] ["not found the grantee id"] [key=root-coord/credential/grantee-id/250dd41b686083b0/PrivilegeShowCollections]
[2025/08/11 20:21:25.714 +08:00] [DEBUG] [rootcoord/kv_catalog.go:965] ["not found the privilege entity"] [key=root-coord/credential/grantee-privileges/public/Collection/*.*] [type=Grant]
[2025/08/11 20:21:25.718 +08:00] [DEBUG] [rootcoord/kv_catalog.go:994] ["not found the grantee id"] [key=root-coord/credential/grantee-id/e03326696e8a3b16/PrivilegeIndexDetail]
[2025/08/11 20:21:25.721 +08:00] [INFO] [rootcoord/service.go:162] ["RootCoord init done ..."]
[2025/08/11 20:21:25.721 +08:00] [INFO] [rootcoord/service.go:299] ["RootCoord Core start ..."]
[2025/08/11 20:21:25.721 +08:00] [INFO] [sessionutil/session_util.go:368] ["service begin to register to etcd"] [serverName=rootcoord] [ServerID=4]
[2025/08/11 20:21:25.721 +08:00] [INFO] [sessionutil/session_util.go:814] ["register session success"] [role=datacoord] [key=by-dev/meta/session/datacoord]
[2025/08/11 20:21:25.729 +08:00] [INFO] [sessionutil/session_util.go:405] ["put session key into etcd"] [key=by-dev/meta/session/rootcoord] [value="{\"ServerID\":4,\"ServerName\":\"rootcoord\",\"Address\":\"10.12.4.21:40000\",\"Exclusive\":true,\"TriggerKill\":true,\"Version\":\"2.2.16\"}"]
[2025/08/11 20:21:25.729 +08:00] [INFO] [sessionutil/session_util.go:417] ["Service registered successfully"] [ServerName=rootcoord] [serverID=4]
[2025/08/11 20:21:25.729 +08:00] [INFO] [rootcoord/root_coord.go:302] ["RootCoord Register Finished"]
[2025/08/11 20:21:25.730 +08:00] [WARN] [sessionutil/session_util.go:337] ["fail to get the session key from the etcd"] []
[2025/08/11 20:21:25.730 +08:00] [INFO] [rootcoord/proxy_manager.go:85] ["succeed to init sessions on etcd"] [sessions=null] [revision=22]
[2025/08/11 20:21:25.730 +08:00] [INFO] [rootcoord/proxy_manager.go:104] ["start to watch etcd"]
[2025/08/11 20:21:25.730 +08:00] [INFO] [rootcoord/root_coord.go:173] ["update rootcoord state"] [state=Healthy]
[2025/08/11 20:21:25.730 +08:00] [WARN] [rootcoord/proxy_client_manager.go:220] ["proxy client is empty, RefreshPrivilegeInfoCache will not send to any client"]
[2025/08/11 20:21:25.730 +08:00] [INFO] [rootcoord/quota_center.go:132] ["Start QuotaCenter"] [collectInterval/s=3]
[2025/08/11 20:21:25.732 +08:00] [WARN] [sessionutil/session_util.go:1044] ["open server info file fail"] [filePath="\\tmp\\milvus\\server_id_31084"] [error="open \\tmp\\milvus\\server_id_31084: The system cannot find the path specified."]
[2025/08/11 20:21:25.732 +08:00] [INFO] [rootcoord/root_coord.go:676] ["rootcoord startup successfully"]
[2025/08/11 20:21:25.732 +08:00] [INFO] [rootcoord/service.go:167] ["RootCoord start done ..."]
[2025/08/11 20:21:25.732 +08:00] [DEBUG] [components/root_coord.go:60] ["RootCoord successfully started"]
[2025/08/11 20:21:25.829 +08:00] [INFO] [sessionutil/session_util.go:814] ["register session success"] [role=rootcoord] [key=by-dev/meta/session/rootcoord]
[2025/08/11 20:21:25.932 +08:00] [WARN] [rootcoord/root_coord.go:208] ["zero ts was met, this should be only occurred in starting state"] [minBgDdlTs=460040407846748161] [minNormalDdlTs=0]
[2025/08/11 20:21:26.465 +08:00] [INFO] [sessionutil/session_util.go:532] ["SessionUtil GetSessions "] [prefix=rootcoord] [key=rootcoord] [address=10.12.4.21:40000]
[2025/08/11 20:21:26.465 +08:00] [INFO] [client/client.go:109] ["RootCoordClient GetSessions success"] [address=10.12.4.21:40000]
[2025/08/11 20:21:26.465 +08:00] [INFO] [sessionutil/session_util.go:532] ["SessionUtil GetSessions "] [prefix=rootcoord] [key=rootcoord] [address=10.12.4.21:40000]
[2025/08/11 20:21:26.465 +08:00] [INFO] [client/client.go:109] ["RootCoordClient GetSessions success"] [address=10.12.4.21:40000]
[2025/08/11 20:21:26.465 +08:00] [INFO] [sessionutil/session_util.go:532] ["SessionUtil GetSessions "] [prefix=rootcoord] [key=rootcoord] [address=10.12.4.21:40000]
[2025/08/11 20:21:26.465 +08:00] [INFO] [client/client.go:109] ["RootCoordClient GetSessions success"] [address=10.12.4.21:40000]
[2025/08/11 20:21:26.548 +08:00] [WARN] [grpcclient/client.go:290] ["grpc client is nil, maybe fail to get client in the retry state"] [client_role=rootcoord]
[2025/08/11 20:21:26.549 +08:00] [INFO] [sessionutil/session_util.go:532] ["SessionUtil GetSessions "] [prefix=rootcoord] [key=rootcoord] [address=10.12.4.21:40000]
[2025/08/11 20:21:26.549 +08:00] [INFO] [client/client.go:109] ["RootCoordClient GetSessions success"] [address=10.12.4.21:40000]
[2025/08/11 20:21:28.478 +08:00] [INFO] [datanode/service.go:283] ["RootCoord client is ready for DataNode"]
[2025/08/11 20:21:28.478 +08:00] [INFO] [querycoord/service.go:177] ["QueryCoord report RootCoord ready"]
[2025/08/11 20:21:28.478 +08:00] [INFO] [proxy/service.go:548] ["Proxy wait for RootCoord to be healthy done"]
[2025/08/11 20:21:28.478 +08:00] [INFO] [datanode/service.go:291] ["starting DataCoord client for DataNode"]
[2025/08/11 20:21:28.478 +08:00] [INFO] [sessionutil/session_util.go:207] ["Session try to connect to etcd"]
[2025/08/11 20:21:28.478 +08:00] [INFO] [sessionutil/session_util.go:207] ["Session try to connect to etcd"]
[2025/08/11 20:21:28.478 +08:00] [INFO] [proxy/service.go:551] ["set RootCoord client for Proxy done"]
[2025/08/11 20:21:28.479 +08:00] [INFO] [sessionutil/session_util.go:222] ["Session connect to etcd success"]
[2025/08/11 20:21:28.479 +08:00] [INFO] [sessionutil/session_util.go:222] ["Session connect to etcd success"]
[2025/08/11 20:21:28.479 +08:00] [INFO] [querycoord/service.go:196] ["QueryCoord try to wait for DataCoord ready"]
[2025/08/11 20:21:28.479 +08:00] [INFO] [proxy/service.go:555] ["create DataCoord client for Proxy"]
[2025/08/11 20:21:28.479 +08:00] [INFO] [sessionutil/session_util.go:207] ["Session try to connect to etcd"]
[2025/08/11 20:21:28.479 +08:00] [INFO] [sessionutil/session_util.go:532] ["SessionUtil GetSessions "] [prefix=datacoord] [key=datacoord] [address=10.12.4.21:40005]
[2025/08/11 20:21:28.479 +08:00] [INFO] [sessionutil/session_util.go:532] ["SessionUtil GetSessions "] [prefix=datacoord] [key=datacoord] [address=10.12.4.21:40005]
[2025/08/11 20:21:28.479 +08:00] [INFO] [sessionutil/session_util.go:222] ["Session connect to etcd success"]
[2025/08/11 20:21:28.479 +08:00] [INFO] [proxy/service.go:561] ["create DataCoord client for Proxy done"]
[2025/08/11 20:21:28.479 +08:00] [INFO] [proxy/service.go:564] ["init DataCoord client for Proxy"]
[2025/08/11 20:21:28.479 +08:00] [INFO] [proxy/service.go:569] ["Proxy wait for DataCoord to be healthy"]
[2025/08/11 20:21:28.479 +08:00] [INFO] [sessionutil/session_util.go:532] ["SessionUtil GetSessions "] [prefix=datacoord] [key=datacoord] [address=10.12.4.21:40005]
[2025/08/11 20:21:28.481 +08:00] [INFO] [proxy/service.go:574] ["Proxy wait for DataCoord to be healthy done"]
[2025/08/11 20:21:28.481 +08:00] [INFO] [querycoord/service.go:205] ["QueryCoord report DataCoord ready"]
[2025/08/11 20:21:28.481 +08:00] [INFO] [sessionutil/session_util.go:207] ["Session try to connect to etcd"]
[2025/08/11 20:21:28.481 +08:00] [INFO] [proxy/service.go:577] ["set DataCoord client for Proxy done"]
[2025/08/11 20:21:28.481 +08:00] [INFO] [datanode/service.go:309] ["DataCoord client is ready for DataNode"]
[2025/08/11 20:21:28.481 +08:00] [INFO] [sessionutil/session_util.go:222] ["Session connect to etcd success"]
[2025/08/11 20:21:28.481 +08:00] [INFO] [proxy/service.go:581] ["create IndexCoord client for Proxy"]
[2025/08/11 20:21:28.481 +08:00] [INFO] [datanode/data_node.go:227] ["DataNode server initializing"] [TimeTickChannelName=by-dev-datacoord-timetick-channel]
[2025/08/11 20:21:28.481 +08:00] [INFO] [sessionutil/session_util.go:207] ["Session try to connect to etcd"]
[2025/08/11 20:21:28.481 +08:00] [INFO] [querycoord/service.go:226] ["QueryCoord try to wait for IndexCoord ready"]
[2025/08/11 20:21:28.481 +08:00] [INFO] [sessionutil/session_util.go:222] ["Session connect to etcd success"]
[2025/08/11 20:21:28.481 +08:00] [INFO] [sessionutil/session_util.go:207] ["Session try to connect to etcd"]
[2025/08/11 20:21:28.482 +08:00] [INFO] [proxy/service.go:587] ["create IndexCoord client for Proxy done"]
[2025/08/11 20:21:28.482 +08:00] [INFO] [client/client.go:108] ["IndexCoordClient GetSessions success"] [key=indexcoord] [msess={}]
[2025/08/11 20:21:28.482 +08:00] [INFO] [sessionutil/session_util.go:222] ["Session connect to etcd success"]
[2025/08/11 20:21:28.482 +08:00] [WARN] [client/client.go:111] ["IndexCoordClient msess key not existed"] [key=indexcoord] ["len of msess"=0]
[2025/08/11 20:21:28.482 +08:00] [INFO] [proxy/service.go:590] ["init IndexCoord client for Proxy"]
[2025/08/11 20:21:28.482 +08:00] [INFO] [proxy/service.go:595] ["init IndexCoord client for Proxy done"]
[2025/08/11 20:21:28.482 +08:00] [ERROR] [grpcclient/client.go:161] ["failed to get client address"] [error="find no available indexcoord, check indexcoord state"] [stack="github.com/milvus-io/milvus/internal/util/grpcclient.(*ClientBase[...]).connect\n\tD:/a/milvus-lite/milvus-lite/milvus_binary/milvus/internal/util/grpcclient/client.go:161\ngithub.com/milvus-io/milvus/internal/util/grpcclient.(*ClientBase[...]).GetGrpcClient\n\tD:/a/milvus-lite/milvus-lite/milvus_binary/milvus/internal/util/grpcclient/client.go:134\ngithub.com/milvus-io/milvus/internal/util/grpcclient.(*ClientBase[...]).call\n\tD:/a/milvus-lite/milvus-lite/milvus_binary/milvus/internal/util/grpcclient/client.go:272\ngithub.com/milvus-io/milvus/internal/util/grpcclient.(*ClientBase[...]).Call\n\tD:/a/milvus-lite/milvus-lite/milvus_binary/milvus/internal/util/grpcclient/client.go:367\ngithub.com/milvus-io/milvus/internal/util/grpcclient.(*ClientBase[...]).ReCall\n\tD:/a/milvus-lite/milvus-lite/milvus_binary/milvus/internal/util/grpcclient/client.go:382\ngithub.com/milvus-io/milvus/internal/distributed/indexcoord/client.(*Client).GetComponentStates\n\tD:/a/milvus-lite/milvus-lite/milvus_binary/milvus/internal/distributed/indexcoord/client/client.go:126\ngithub.com/milvus-io/milvus/internal/util/funcutil.WaitForComponentStates.func1\n\tD:/a/milvus-lite/milvus-lite/milvus_binary/milvus/internal/util/funcutil/func.go:75\ngithub.com/milvus-io/milvus/internal/util/retry.Do\n\tD:/a/milvus-lite/milvus-lite/milvus_binary/milvus/internal/util/retry/retry.go:39\ngithub.com/milvus-io/milvus/internal/util/funcutil.WaitForComponentStates\n\tD:/a/milvus-lite/milvus-lite/milvus_binary/milvus/internal/util/funcutil/func.go:99\ngithub.com/milvus-io/milvus/internal/util/funcutil.WaitForComponentHealthy\n\tD:/a/milvus-lite/milvus-lite/milvus_binary/milvus/internal/util/funcutil/func.go:114\ngithub.com/milvus-io/milvus/internal/distributed/querycoord.(*Server).init\n\tD:/a/milvus-lite/milvus-lite/milvus_binary/milvus/internal/distributed/querycoord/service.go:227\ngithub.com/milvus-io/milvus/internal/distributed/querycoord.(*Server).Run\n\tD:/a/milvus-lite/milvus-lite/milvus_binary/milvus/internal/distributed/querycoord/service.go:102\ngithub.com/milvus-io/milvus/cmd/components.(*QueryCoord).Run\n\tD:/a/milvus-lite/milvus-lite/milvus_binary/milvus/cmd/components/query_coord.go:52\ngithub.com/milvus-io/milvus/cmd/roles.runComponent[...].func1\n\tD:/a/milvus-lite/milvus-lite/milvus_binary/milvus/cmd/roles/roles.go:123"]
[2025/08/11 20:21:28.482 +08:00] [WARN] [grpcclient/client.go:274] ["fail to get grpc client"] [client_role=indexcoord] [error="find no available indexcoord, check indexcoord state"]
[2025/08/11 20:21:28.482 +08:00] [WARN] [grpcclient/client.go:290] ["grpc client is nil, maybe fail to get client in the retry state"] [client_role=indexcoord]
[2025/08/11 20:21:28.484 +08:00] [INFO] [client/client.go:108] ["IndexCoordClient GetSessions success"] [key=indexcoord] [msess={}]
[2025/08/11 20:21:28.484 +08:00] [WARN] [client/client.go:111] ["IndexCoordClient msess key not existed"] [key=indexcoord] ["len of msess"=0]
[2025/08/11 20:21:28.484 +08:00] [INFO] [client/client.go:108] ["IndexCoordClient GetSessions success"] [key=indexcoord] [msess={}]
[2025/08/11 20:21:28.484 +08:00] [WARN] [client/client.go:111] ["IndexCoordClient msess key not existed"] [key=indexcoord] ["len of msess"=0]
[2025/08/11 20:21:28.484 +08:00] [ERROR] [grpcclient/client.go:161] ["failed to get client address"] [error="find no available indexcoord, check indexcoord state"] [stack="github.com/milvus-io/milvus/internal/util/grpcclient.(*ClientBase[...]).connect\n\tD:/a/milvus-lite/milvus-lite/milvus_binary/milvus/internal/util/grpcclient/client.go:161\ngithub.com/milvus-io/milvus/internal/util/grpcclient.(*ClientBase[...]).GetGrpcClient\n\tD:/a/milvus-lite/milvus-lite/milvus_binary/milvus/internal/util/grpcclient/client.go:134\ngithub.com/milvus-io/milvus/internal/util/grpcclient.(*ClientBase[...]).call\n\tD:/a/milvus-lite/milvus-lite/milvus_binary/milvus/internal/util/grpcclient/client.go:272\ngithub.com/milvus-io/milvus/internal/util/grpcclient.(*ClientBase[...]).Call\n\tD:/a/milvus-lite/milvus-lite/milvus_binary/milvus/internal/util/grpcclient/client.go:367\ngithub.com/milvus-io/milvus/internal/util/grpcclient.(*ClientBase[...]).ReCall\n\tD:/a/milvus-lite/milvus-lite/milvus_binary/milvus/internal/util/grpcclient/client.go:382\ngithub.com/milvus-io/milvus/internal/distributed/indexcoord/client.(*Client).GetComponentStates\n\tD:/a/milvus-lite/milvus-lite/milvus_binary/milvus/internal/distributed/indexcoord/client/client.go:126\ngithub.com/milvus-io/milvus/internal/util/funcutil.WaitForComponentStates.func1\n\tD:/a/milvus-lite/milvus-lite/milvus_binary/milvus/internal/util/funcutil/func.go:75\ngithub.com/milvus-io/milvus/internal/util/retry.Do\n\tD:/a/milvus-lite/milvus-lite/milvus_binary/milvus/internal/util/retry/retry.go:39\ngithub.com/milvus-io/milvus/internal/util/funcutil.WaitForComponentStates\n\tD:/a/milvus-lite/milvus-lite/milvus_binary/milvus/internal/util/funcutil/func.go:99\ngithub.com/milvus-io/milvus/internal/util/funcutil.WaitForComponentHealthy\n\tD:/a/milvus-lite/milvus-lite/milvus_binary/milvus/internal/util/funcutil/func.go:114\ngithub.com/milvus-io/milvus/internal/distributed/proxy.(*Server).init\n\tD:/a/milvus-lite/milvus-lite/milvus_binary/milvus/internal/distributed/proxy/service.go:597\ngithub.com/milvus-io/milvus/internal/distributed/proxy.(*Server).Run\n\tD:/a/milvus-lite/milvus-lite/milvus_binary/milvus/internal/distributed/proxy/service.go:369\ngithub.com/milvus-io/milvus/cmd/components.(*Proxy).Run\n\tD:/a/milvus-lite/milvus-lite/milvus_binary/milvus/cmd/components/proxy.go:51\ngithub.com/milvus-io/milvus/cmd/roles.runComponent[...].func1\n\tD:/a/milvus-lite/milvus-lite/milvus_binary/milvus/cmd/roles/roles.go:123"]
[2025/08/11 20:21:28.484 +08:00] [ERROR] [grpcclient/client.go:161] ["failed to get client address"] [error="find no available indexcoord, check indexcoord state"] [stack="github.com/milvus-io/milvus/internal/util/grpcclient.(*ClientBase[...]).connect\n\tD:/a/milvus-lite/milvus-lite/milvus_binary/milvus/internal/util/grpcclient/client.go:161\ngithub.com/milvus-io/milvus/internal/util/grpcclient.(*ClientBase[...]).GetGrpcClient\n\tD:/a/milvus-lite/milvus-lite/milvus_binary/milvus/internal/util/grpcclient/client.go:134\ngithub.com/milvus-io/milvus/internal/util/grpcclient.(*ClientBase[...]).call.func1\n\tD:/a/milvus-lite/milvus-lite/milvus_binary/milvus/internal/util/grpcclient/client.go:279\ngithub.com/milvus-io/milvus/internal/util/grpcclient.(*ClientBase[...]).call.func2\n\tD:/a/milvus-lite/milvus-lite/milvus_binary/milvus/internal/util/grpcclient/client.go:291\ngithub.com/milvus-io/milvus/internal/util/retry.Do\n\tD:/a/milvus-lite/milvus-lite/milvus_binary/milvus/internal/util/retry/retry.go:39\ngithub.com/milvus-io/milvus/internal/util/grpcclient.(*ClientBase[...]).call\n\tD:/a/milvus-lite/milvus-lite/milvus_binary/milvus/internal/util/grpcclient/client.go:287\ngithub.com/milvus-io/milvus/internal/util/grpcclient.(*ClientBase[...]).Call\n\tD:/a/milvus-lite/milvus-lite/milvus_binary/milvus/internal/util/grpcclient/client.go:367\ngithub.com/milvus-io/milvus/internal/util/grpcclient.(*ClientBase[...]).ReCall\n\tD:/a/milvus-lite/milvus-lite/milvus_binary/milvus/internal/util/grpcclient/client.go:382\ngithub.com/milvus-io/milvus/internal/distributed/indexcoord/client.(*Client).GetComponentStates\n\tD:/a/milvus-lite/milvus-lite/milvus_binary/milvus/internal/distributed/indexcoord/client/client.go:126\ngithub.com/milvus-io/milvus/internal/util/funcutil.WaitForComponentStates.func1\n\tD:/a/milvus-lite/milvus-lite/milvus_binary/milvus/internal/util/funcutil/func.go:75\ngithub.com/milvus-io/milvus/internal/util/retry.Do\n\tD:/a/milvus-lite/milvus-lite/milvus_binary/milvus/internal/util/retry/retry.go:39\ngithub.com/milvus-io/milvus/internal/util/funcutil.WaitForComponentStates\n\tD:/a/milvus-lite/milvus-lite/milvus_binary/milvus/internal/util/funcutil/func.go:99\ngithub.com/milvus-io/milvus/internal/util/funcutil.WaitForComponentHealthy\n\tD:/a/milvus-lite/milvus-lite/milvus_binary/milvus/internal/util/funcutil/func.go:114\ngithub.com/milvus-io/milvus/internal/distributed/querycoord.(*Server).init\n\tD:/a/milvus-lite/milvus-lite/milvus_binary/milvus/internal/distributed/querycoord/service.go:227\ngithub.com/milvus-io/milvus/internal/distributed/querycoord.(*Server).Run\n\tD:/a/milvus-lite/milvus-lite/milvus_binary/milvus/internal/distributed/querycoord/service.go:102\ngithub.com/milvus-io/milvus/cmd/components.(*QueryCoord).Run\n\tD:/a/milvus-lite/milvus-lite/milvus_binary/milvus/cmd/components/query_coord.go:52\ngithub.com/milvus-io/milvus/cmd/roles.runComponent[...].func1\n\tD:/a/milvus-lite/milvus-lite/milvus_binary/milvus/cmd/roles/roles.go:123"]
[2025/08/11 20:21:28.484 +08:00] [WARN] [grpcclient/client.go:281] ["fail to get grpc client in the retry state"] [client_role=indexcoord] [error="find no available indexcoord, check indexcoord state"]
[2025/08/11 20:21:28.486 +08:00] [INFO] [sessionutil/session_util.go:305] ["Session get serverID success"] [key=id] [ServerId=6]
[2025/08/11 20:21:28.486 +08:00] [INFO] [client/client.go:108] ["IndexCoordClient GetSessions success"] [key=indexcoord] [msess={}]
[2025/08/11 20:21:28.486 +08:00] [WARN] [client/client.go:111] ["IndexCoordClient msess key not existed"] [key=indexcoord] ["len of msess"=0]
[2025/08/11 20:21:28.486 +08:00] [ERROR] [grpcclient/client.go:161] ["failed to get client address"] [error="find no available indexcoord, check indexcoord state"] [stack="github.com/milvus-io/milvus/internal/util/grpcclient.(*ClientBase[...]).connect\n\tD:/a/milvus-lite/milvus-lite/milvus_binary/milvus/internal/util/grpcclient/client.go:161\ngithub.com/milvus-io/milvus/internal/util/grpcclient.(*ClientBase[...]).GetGrpcClient\n\tD:/a/milvus-lite/milvus-lite/milvus_binary/milvus/internal/util/grpcclient/client.go:134\ngithub.com/milvus-io/milvus/internal/util/grpcclient.(*ClientBase[...]).call.func1\n\tD:/a/milvus-lite/milvus-lite/milvus_binary/milvus/internal/util/grpcclient/client.go:279\ngithub.com/milvus-io/milvus/internal/util/grpcclient.(*ClientBase[...]).call.func2\n\tD:/a/milvus-lite/milvus-lite/milvus_binary/milvus/internal/util/grpcclient/client.go:291\ngithub.com/milvus-io/milvus/internal/util/retry.Do\n\tD:/a/milvus-lite/milvus-lite/milvus_binary/milvus/internal/util/retry/retry.go:39\ngithub.com/milvus-io/milvus/internal/util/grpcclient.(*ClientBase[...]).call\n\tD:/a/milvus-lite/milvus-lite/milvus_binary/milvus/internal/util/grpcclient/client.go:287\ngithub.com/milvus-io/milvus/internal/util/grpcclient.(*ClientBase[...]).Call\n\tD:/a/milvus-lite/milvus-lite/milvus_binary/milvus/internal/util/grpcclient/client.go:367\ngithub.com/milvus-io/milvus/internal/util/grpcclient.(*ClientBase[...]).ReCall\n\tD:/a/milvus-lite/milvus-lite/milvus_binary/milvus/internal/util/grpcclient/client.go:382\ngithub.com/milvus-io/milvus/internal/distributed/indexcoord/client.(*Client).GetComponentStates\n\tD:/a/milvus-lite/milvus-lite/milvus_binary/milvus/internal/distributed/indexcoord/client/client.go:126\ngithub.com/milvus-io/milvus/internal/util/funcutil.WaitForComponentStates.func1\n\tD:/a/milvus-lite/milvus-lite/milvus_binary/milvus/internal/util/funcutil/func.go:75\ngithub.com/milvus-io/milvus/internal/util/retry.Do\n\tD:/a/milvus-lite/milvus-lite/milvus_binary/milvus/internal/util/retry/retry.go:39\ngithub.com/milvus-io/milvus/internal/util/funcutil.WaitForComponentStates\n\tD:/a/milvus-lite/milvus-lite/milvus_binary/milvus/internal/util/funcutil/func.go:99\ngithub.com/milvus-io/milvus/internal/util/funcutil.WaitForComponentHealthy\n\tD:/a/milvus-lite/milvus-lite/milvus_binary/milvus/internal/util/funcutil/func.go:114\ngithub.com/milvus-io/milvus/internal/distributed/proxy.(*Server).init\n\tD:/a/milvus-lite/milvus-lite/milvus_binary/milvus/internal/distributed/proxy/service.go:597\ngithub.com/milvus-io/milvus/internal/distributed/proxy.(*Server).Run\n\tD:/a/milvus-lite/milvus-lite/milvus_binary/milvus/internal/distributed/proxy/service.go:369\ngithub.com/milvus-io/milvus/cmd/components.(*Proxy).Run\n\tD:/a/milvus-lite/milvus-lite/milvus_binary/milvus/cmd/components/proxy.go:51\ngithub.com/milvus-io/milvus/cmd/roles.runComponent[...].func1\n\tD:/a/milvus-lite/milvus-lite/milvus_binary/milvus/cmd/roles/roles.go:123"]
[2025/08/11 20:21:28.486 +08:00] [WARN] [sessionutil/session_util.go:1044] ["open server info file fail"] [filePath="\\tmp\\milvus\\server_id_31084"] [error="open \\tmp\\milvus\\server_id_31084: The system cannot find the path specified."]
[2025/08/11 20:21:28.486 +08:00] [INFO] [datanode/data_node.go:240] ["DataNode server init rateCollector done"] ["node ID"=0]
[2025/08/11 20:21:28.486 +08:00] [INFO] [datanode/data_node.go:252] ["DataNode server init succeeded"] [MsgChannelSubName=by-dev-dataNode]
[2025/08/11 20:21:28.486 +08:00] [INFO] [datanode/service.go:321] ["current DataNode state"] [state=Initializing]
[2025/08/11 20:21:28.486 +08:00] [INFO] [datanode/service.go:195] ["DataNode gRPC services successfully initialized"]
[2025/08/11 20:21:28.486 +08:00] [INFO] [datanode/data_node.go:480] ["start id allocator done"] [role=datanode]
[2025/08/11 20:21:28.488 +08:00] [INFO] [datanode/data_node.go:462] ["DataNode Background GC Start"]
[2025/08/11 20:21:28.488 +08:00] [INFO] [sessionutil/session_util.go:368] ["service begin to register to etcd"] [serverName=datanode] [ServerID=6]
[2025/08/11 20:21:28.494 +08:00] [INFO] [sessionutil/session_util.go:405] ["put session key into etcd"] [key=by-dev/meta/session/datanode-6] [value="{\"ServerID\":6,\"ServerName\":\"datanode\",\"Address\":\"10.12.4.21:40006\",\"TriggerKill\":true,\"Version\":\"2.2.16\"}"]
[2025/08/11 20:21:28.494 +08:00] [INFO] [sessionutil/session_util.go:690] ["watch services"] ["add kv"="key:\"by-dev/meta/session/datanode-6\" create_revision:24 mod_revision:24 version:1 value:\"{\\\"ServerID\\\":6,\\\"ServerName\\\":\\\"datanode\\\",\\\"Address\\\":\\\"10.12.4.21:40006\\\",\\\"TriggerKill\\\":true,\\\"Version\\\":\\\"2.2.16\\\"}\" lease:7587888730422874229 "]
[2025/08/11 20:21:28.494 +08:00] [INFO] [sessionutil/session_util.go:417] ["Service registered successfully"] [ServerName=datanode] [serverID=6]
[2025/08/11 20:21:28.494 +08:00] [INFO] [sessionutil/session_util.go:718] [WatchService] ["event type"=SessionAddEvent]
[2025/08/11 20:21:28.494 +08:00] [INFO] [datanode/data_node.go:183] ["DataNode Register Finished"]
[2025/08/11 20:21:28.494 +08:00] [INFO] [datacoord/server.go:784] ["received datanode register"] [address=10.12.4.21:40006] [serverID=6]
[2025/08/11 20:21:28.494 +08:00] [INFO] [datacoord/channel_manager.go:341] ["register node with no reassignment"] ["registered node"=6]
[2025/08/11 20:21:28.494 +08:00] [WARN] [sessionutil/session_util.go:337] ["fail to get the session key from the etcd"] []
[2025/08/11 20:21:28.494 +08:00] [INFO] [datanode/service.go:200] ["DataNode gRPC services successfully started"]
[2025/08/11 20:21:28.494 +08:00] [DEBUG] [components/data_node.go:56] ["Datanode successfully started"]
[2025/08/11 20:21:28.555 +08:00] [INFO] [sessionutil/session_util.go:207] ["Session try to connect to etcd"]
[2025/08/11 20:21:28.555 +08:00] [INFO] [sessionutil/session_util.go:222] ["Session connect to etcd success"]
[2025/08/11 20:21:28.555 +08:00] [INFO] [indexcoord/service.go:179] ["IndexCoord try to wait for DataCoord ready"]
[2025/08/11 20:21:28.557 +08:00] [INFO] [sessionutil/session_util.go:532] ["SessionUtil GetSessions "] [prefix=datacoord] [key=datacoord] [address=10.12.4.21:40005]
[2025/08/11 20:21:28.559 +08:00] [INFO] [indexcoord/service.go:88] ["IndexCoord init done ..."]
[2025/08/11 20:21:28.559 +08:00] [INFO] [sessionutil/session_util.go:368] ["service begin to register to etcd"] [serverName=indexcoord] [ServerID=2]
[2025/08/11 20:21:28.564 +08:00] [INFO] [sessionutil/session_util.go:405] ["put session key into etcd"] [key=by-dev/meta/session/indexcoord] [value="{\"ServerID\":2,\"ServerName\":\"indexcoord\",\"Address\":\"10.12.4.21:40003\",\"Exclusive\":true,\"TriggerKill\":true,\"Version\":\"2.2.16\"}"]
[2025/08/11 20:21:28.564 +08:00] [INFO] [sessionutil/session_util.go:417] ["Service registered successfully"] [ServerName=indexcoord] [serverID=2]
[2025/08/11 20:21:28.564 +08:00] [INFO] [indexcoord/index_coord.go:142] ["IndexCoord Register Finished"]
[2025/08/11 20:21:28.565 +08:00] [WARN] [sessionutil/session_util.go:337] ["fail to get the session key from the etcd"] []
[2025/08/11 20:21:28.566 +08:00] [INFO] [indexcoord/service.go:199] ["IndexCoord registers service successfully"]
[2025/08/11 20:21:28.566 +08:00] [INFO] [indexcoord/index_coord.go:1333] ["IndexCoord start watching flushed segments..."]
[2025/08/11 20:21:28.566 +08:00] [INFO] [indexcoord/flush_segment_watcher.go:145] ["IndexCoord flushedSegmentWatcher internalScheduler start..."]
[2025/08/11 20:21:28.566 +08:00] [INFO] [indexcoord/garbage_collector.go:81] ["IndexCoord garbageCollector recycleUnusedIndexes start"]
[2025/08/11 20:21:28.566 +08:00] [INFO] [indexcoord/index_builder.go:141] ["index builder schedule loop start"]
[2025/08/11 20:21:28.566 +08:00] [INFO] [indexcoord/garbage_collector.go:215] ["IndexCoord garbageCollector start recycleUnusedIndexFiles loop"]
[2025/08/11 20:21:28.566 +08:00] [INFO] [indexcoord/garbage_collector.go:196] ["IndexCoord garbageCollector recycleUnusedSegIndexes start"]
[2025/08/11 20:21:28.566 +08:00] [INFO] [indexcoord/index_coord.go:1190] ["IndexCoord watchNodeLoop SessionAddEvent"] [serverID=1] [address=10.12.4.21:40004]
[2025/08/11 20:21:28.566 +08:00] [INFO] [indexcoord/node_manager.go:95] ["IndexCoord addNode"] [nodeID=1] ["node address"=10.12.4.21:40004]
[2025/08/11 20:21:28.567 +08:00] [WARN] [sessionutil/session_util.go:1044] ["open server info file fail"] [filePath="\\tmp\\milvus\\server_id_31084"] [error="open \\tmp\\milvus\\server_id_31084: The system cannot find the path specified."]
[2025/08/11 20:21:28.567 +08:00] [INFO] [indexcoord/index_coord.go:290] ["IndexCoord start successfully"] [state=Healthy]
[2025/08/11 20:21:28.567 +08:00] [INFO] [indexcoord/service.go:204] ["indexCoord started"]
[2025/08/11 20:21:28.567 +08:00] [INFO] [indexcoord/service.go:92] ["IndexCoord start done ..."]
[2025/08/11 20:21:28.567 +08:00] [DEBUG] [components/index_coord.go:55] ["IndexCoord successfully started"]
[2025/08/11 20:21:28.585 +08:00] [INFO] [config/etcd_source.go:145] ["start refreshing configurations"]
[2025/08/11 20:21:28.585 +08:00] [INFO] [sessionutil/session_util.go:814] ["register session success"] [role=indexcoord] [key=by-dev/meta/session/indexcoord]
[2025/08/11 20:21:28.585 +08:00] [INFO] [sessionutil/session_util.go:814] ["register session success"] [role=datanode] [key=by-dev/meta/session/datanode-6]
[2025/08/11 20:21:28.600 +08:00] [DEBUG] [paramtable/grpc_param.go:263] ["Init client max send size"] [role=indexnode] [grpc.clientMaxSendSize=104857600]
[2025/08/11 20:21:28.600 +08:00] [DEBUG] [paramtable/grpc_param.go:263] ["Init client max recv size"] [role=indexnode] [grpc.clientMaxRecvSize=104857600]
[2025/08/11 20:21:28.600 +08:00] [DEBUG] [paramtable/grpc_param.go:263] ["Init dial timeout"] [role=indexnode] [grpc.client.dialTimeout=104857600]
[2025/08/11 20:21:28.600 +08:00] [DEBUG] [paramtable/grpc_param.go:263] ["Init keep alive timeout"] [role=indexnode] [grpc.client.keepAliveTimeout=104857600]
[2025/08/11 20:21:28.600 +08:00] [DEBUG] [paramtable/grpc_param.go:263] ["Init keep alive time"] [role=indexnode] [grpc.client.keepAliveTime=104857600]
[2025/08/11 20:21:28.600 +08:00] [DEBUG] [paramtable/grpc_param.go:263] ["Init max attempts"] [role=indexnode] [grpc.client.maxMaxAttempts=104857600]
[2025/08/11 20:21:28.600 +08:00] [DEBUG] [paramtable/grpc_param.go:263] ["Init initial back off"] [role=indexnode] [grpc.client.initialBackOff=104857600]
[2025/08/11 20:21:28.600 +08:00] [DEBUG] [paramtable/grpc_param.go:263] ["Init max back off"] [role=indexnode] [grpc.client.maxBackoff=104857600]
[2025/08/11 20:21:28.600 +08:00] [DEBUG] [indexcoord/node_manager.go:59] ["IndexCoord NodeManager setClient"] [nodeID=1]
[2025/08/11 20:21:28.600 +08:00] [INFO] [indexcoord/node_manager.go:69] ["IndexNode NodeManager setClient success"] [nodeID=1] ["IndexNode num"=1]
[2025/08/11 20:21:28.740 +08:00] [WARN] [rootcoord/proxy_client_manager.go:247] ["proxy client is empty, GetMetrics will not send to any client"]
[2025/08/11 20:21:28.740 +08:00] [INFO] [sessionutil/session_util.go:532] ["SessionUtil GetSessions "] [prefix=datacoord] [key=datacoord] [address=10.12.4.21:40005]
[2025/08/11 20:21:28.740 +08:00] [WARN] [client/client.go:94] ["QueryCoordClient msess key not existed"] [key=querycoord]
[2025/08/11 20:21:28.740 +08:00] [ERROR] [grpcclient/client.go:161] ["failed to get client address"] [error="find no available querycoord, check querycoord state"] [stack="github.com/milvus-io/milvus/internal/util/grpcclient.(*ClientBase[...]).connect\n\tD:/a/milvus-lite/milvus-lite/milvus_binary/milvus/internal/util/grpcclient/client.go:161\ngithub.com/milvus-io/milvus/internal/util/grpcclient.(*ClientBase[...]).GetGrpcClient\n\tD:/a/milvus-lite/milvus-lite/milvus_binary/milvus/internal/util/grpcclient/client.go:134\ngithub.com/milvus-io/milvus/internal/util/grpcclient.(*ClientBase[...]).call\n\tD:/a/milvus-lite/milvus-lite/milvus_binary/milvus/internal/util/grpcclient/client.go:272\ngithub.com/milvus-io/milvus/internal/util/grpcclient.(*ClientBase[...]).Call\n\tD:/a/milvus-lite/milvus-lite/milvus_binary/milvus/internal/util/grpcclient/client.go:367\ngithub.com/milvus-io/milvus/internal/util/grpcclient.(*ClientBase[...]).ReCall\n\tD:/a/milvus-lite/milvus-lite/milvus_binary/milvus/internal/util/grpcclient/client.go:382\ngithub.com/milvus-io/milvus/internal/distributed/querycoord/client.(*Client).GetMetrics\n\tD:/a/milvus-lite/milvus-lite/milvus_binary/milvus/internal/distributed/querycoord/client/client.go:361\ngithub.com/milvus-io/milvus/internal/rootcoord.(*QuotaCenter).syncMetrics.func1\n\tD:/a/milvus-lite/milvus-lite/milvus_binary/milvus/internal/rootcoord/quota_center.go:188\ngolang.org/x/sync/errgroup.(*Group).Go.func1\n\tC:/Users/runneradmin/go/pkg/mod/golang.org/x/sync@v0.1.0/errgroup/errgroup.go:75"]
[2025/08/11 20:21:28.741 +08:00] [WARN] [grpcclient/client.go:274] ["fail to get grpc client"] [client_role=querycoord] [error="find no available querycoord, check querycoord state"]
[2025/08/11 20:21:28.741 +08:00] [WARN] [grpcclient/client.go:290] ["grpc client is nil, maybe fail to get client in the retry state"] [client_role=querycoord]
[2025/08/11 20:21:28.741 +08:00] [WARN] [client/client.go:94] ["QueryCoordClient msess key not existed"] [key=querycoord]
[2025/08/11 20:21:28.741 +08:00] [ERROR] [grpcclient/client.go:161] ["failed to get client address"] [error="find no available querycoord, check querycoord state"] [stack="github.com/milvus-io/milvus/internal/util/grpcclient.(*ClientBase[...]).connect\n\tD:/a/milvus-lite/milvus-lite/milvus_binary/milvus/internal/util/grpcclient/client.go:161\ngithub.com/milvus-io/milvus/internal/util/grpcclient.(*ClientBase[...]).GetGrpcClient\n\tD:/a/milvus-lite/milvus-lite/milvus_binary/milvus/internal/util/grpcclient/client.go:134\ngithub.com/milvus-io/milvus/internal/util/grpcclient.(*ClientBase[...]).call.func1\n\tD:/a/milvus-lite/milvus-lite/milvus_binary/milvus/internal/util/grpcclient/client.go:279\ngithub.com/milvus-io/milvus/internal/util/grpcclient.(*ClientBase[...]).call.func2\n\tD:/a/milvus-lite/milvus-lite/milvus_binary/milvus/internal/util/grpcclient/client.go:291\ngithub.com/milvus-io/milvus/internal/util/retry.Do\n\tD:/a/milvus-lite/milvus-lite/milvus_binary/milvus/internal/util/retry/retry.go:39\ngithub.com/milvus-io/milvus/internal/util/grpcclient.(*ClientBase[...]).call\n\tD:/a/milvus-lite/milvus-lite/milvus_binary/milvus/internal/util/grpcclient/client.go:287\ngithub.com/milvus-io/milvus/internal/util/grpcclient.(*ClientBase[...]).Call\n\tD:/a/milvus-lite/milvus-lite/milvus_binary/milvus/internal/util/grpcclient/client.go:367\ngithub.com/milvus-io/milvus/internal/util/grpcclient.(*ClientBase[...]).ReCall\n\tD:/a/milvus-lite/milvus-lite/milvus_binary/milvus/internal/util/grpcclient/client.go:382\ngithub.com/milvus-io/milvus/internal/distributed/querycoord/client.(*Client).GetMetrics\n\tD:/a/milvus-lite/milvus-lite/milvus_binary/milvus/internal/distributed/querycoord/client/client.go:361\ngithub.com/milvus-io/milvus/internal/rootcoord.(*QuotaCenter).syncMetrics.func1\n\tD:/a/milvus-lite/milvus-lite/milvus_binary/milvus/internal/rootcoord/quota_center.go:188\ngolang.org/x/sync/errgroup.(*Group).Go.func1\n\tC:/Users/runneradmin/go/pkg/mod/golang.org/x/sync@v0.1.0/errgroup/errgroup.go:75"]
[2025/08/11 20:21:28.741 +08:00] [WARN] [grpcclient/client.go:281] ["fail to get grpc client in the retry state"] [client_role=querycoord] [error="find no available querycoord, check querycoord state"]
[2025/08/11 20:21:28.753 +08:00] [INFO] [config/etcd_source.go:145] ["start refreshing configurations"]
[2025/08/11 20:21:28.766 +08:00] [DEBUG] [paramtable/grpc_param.go:263] ["Init client max send size"] [role=datanode] [grpc.clientMaxSendSize=104857600]
[2025/08/11 20:21:28.766 +08:00] [DEBUG] [paramtable/grpc_param.go:263] ["Init client max recv size"] [role=datanode] [grpc.clientMaxRecvSize=104857600]
[2025/08/11 20:21:28.766 +08:00] [DEBUG] [paramtable/grpc_param.go:263] ["Init dial timeout"] [role=datanode] [grpc.client.dialTimeout=104857600]
[2025/08/11 20:21:28.766 +08:00] [DEBUG] [paramtable/grpc_param.go:263] ["Init keep alive timeout"] [role=datanode] [grpc.client.keepAliveTimeout=104857600]
[2025/08/11 20:21:28.766 +08:00] [DEBUG] [paramtable/grpc_param.go:263] ["Init keep alive time"] [role=datanode] [grpc.client.keepAliveTime=104857600]
[2025/08/11 20:21:28.766 +08:00] [DEBUG] [paramtable/grpc_param.go:263] ["Init max attempts"] [role=datanode] [grpc.client.maxMaxAttempts=104857600]
[2025/08/11 20:21:28.766 +08:00] [DEBUG] [paramtable/grpc_param.go:263] ["Init initial back off"] [role=datanode] [grpc.client.initialBackOff=104857600]
[2025/08/11 20:21:28.766 +08:00] [DEBUG] [paramtable/grpc_param.go:263] ["Init max back off"] [role=datanode] [grpc.client.maxBackoff=104857600]
[2025/08/11 20:21:29.484 +08:00] [WARN] [grpcclient/client.go:290] ["grpc client is nil, maybe fail to get client in the retry state"] [client_role=indexcoord]
[2025/08/11 20:21:29.484 +08:00] [INFO] [sessionutil/session_util.go:532] ["SessionUtil GetSessions "] [prefix=indexcoord] [key=indexcoord] [address=10.12.4.21:40003]
[2025/08/11 20:21:29.484 +08:00] [INFO] [client/client.go:108] ["IndexCoordClient GetSessions success"] [key=indexcoord] [msess="{\"indexcoord\":{\"ServerID\":2,\"ServerName\":\"indexcoord\",\"Address\":\"10.12.4.21:40003\",\"Exclusive\":true,\"TriggerKill\":true,\"Version\":\"2.2.16\"}}"]
[2025/08/11 20:21:29.488 +08:00] [INFO] [sessionutil/session_util.go:532] ["SessionUtil GetSessions "] [prefix=indexcoord] [key=indexcoord] [address=10.12.4.21:40003]
[2025/08/11 20:21:29.488 +08:00] [INFO] [client/client.go:108] ["IndexCoordClient GetSessions success"] [key=indexcoord] [msess="{\"indexcoord\":{\"ServerID\":2,\"ServerName\":\"indexcoord\",\"Address\":\"10.12.4.21:40003\",\"Exclusive\":true,\"TriggerKill\":true,\"Version\":\"2.2.16\"}}"]
[2025/08/11 20:21:29.741 +08:00] [WARN] [grpcclient/client.go:290] ["grpc client is nil, maybe fail to get client in the retry state"] [client_role=querycoord]
[2025/08/11 20:21:29.741 +08:00] [WARN] [client/client.go:94] ["QueryCoordClient msess key not existed"] [key=querycoord]
[2025/08/11 20:21:29.741 +08:00] [ERROR] [grpcclient/client.go:161] ["failed to get client address"] [error="find no available querycoord, check querycoord state"] [stack="github.com/milvus-io/milvus/internal/util/grpcclient.(*ClientBase[...]).connect\n\tD:/a/milvus-lite/milvus-lite/milvus_binary/milvus/internal/util/grpcclient/client.go:161\ngithub.com/milvus-io/milvus/internal/util/grpcclient.(*ClientBase[...]).GetGrpcClient\n\tD:/a/milvus-lite/milvus-lite/milvus_binary/milvus/internal/util/grpcclient/client.go:134\ngithub.com/milvus-io/milvus/internal/util/grpcclient.(*ClientBase[...]).call.func1\n\tD:/a/milvus-lite/milvus-lite/milvus_binary/milvus/internal/util/grpcclient/client.go:279\ngithub.com/milvus-io/milvus/internal/util/grpcclient.(*ClientBase[...]).call.func2\n\tD:/a/milvus-lite/milvus-lite/milvus_binary/milvus/internal/util/grpcclient/client.go:291\ngithub.com/milvus-io/milvus/internal/util/retry.Do\n\tD:/a/milvus-lite/milvus-lite/milvus_binary/milvus/internal/util/retry/retry.go:39\ngithub.com/milvus-io/milvus/internal/util/grpcclient.(*ClientBase[...]).call\n\tD:/a/milvus-lite/milvus-lite/milvus_binary/milvus/internal/util/grpcclient/client.go:287\ngithub.com/milvus-io/milvus/internal/util/grpcclient.(*ClientBase[...]).Call\n\tD:/a/milvus-lite/milvus-lite/milvus_binary/milvus/internal/util/grpcclient/client.go:367\ngithub.com/milvus-io/milvus/internal/util/grpcclient.(*ClientBase[...]).ReCall\n\tD:/a/milvus-lite/milvus-lite/milvus_binary/milvus/internal/util/grpcclient/client.go:382\ngithub.com/milvus-io/milvus/internal/distributed/querycoord/client.(*Client).GetMetrics\n\tD:/a/milvus-lite/milvus-lite/milvus_binary/milvus/internal/distributed/querycoord/client/client.go:361\ngithub.com/milvus-io/milvus/internal/rootcoord.(*QuotaCenter).syncMetrics.func1\n\tD:/a/milvus-lite/milvus-lite/milvus_binary/milvus/internal/rootcoord/quota_center.go:188\ngolang.org/x/sync/errgroup.(*Group).Go.func1\n\tC:/Users/runneradmin/go/pkg/mod/golang.org/x/sync@v0.1.0/errgroup/errgroup.go:75"]
[2025/08/11 20:21:29.741 +08:00] [WARN] [grpcclient/client.go:281] ["fail to get grpc client in the retry state"] [client_role=querycoord] [error="find no available querycoord, check querycoord state"]
[2025/08/11 20:21:31.494 +08:00] [DEBUG] [indexcoord/index_coord.go:400] ["get IndexCoord component states ..."]
[2025/08/11 20:21:31.494 +08:00] [DEBUG] [indexcoord/index_coord.go:400] ["get IndexCoord component states ..."]
[2025/08/11 20:21:31.494 +08:00] [DEBUG] [indexcoord/index_coord.go:420] ["IndexCoord GetComponentStates"] ["IndexCoord component state"="nodeID:2 role:\"IndexCoord\" state_code:Healthy "]
[2025/08/11 20:21:31.494 +08:00] [DEBUG] [indexcoord/index_coord.go:420] ["IndexCoord GetComponentStates"] ["IndexCoord component state"="nodeID:2 role:\"IndexCoord\" state_code:Healthy "]
[2025/08/11 20:21:31.494 +08:00] [INFO] [querycoord/service.go:232] ["QueryCoord report IndexCoord is ready"]
[2025/08/11 20:21:31.494 +08:00] [INFO] [querycoordv2/server.go:176] ["QueryCoord start init"] [meta-root-path=by-dev/meta] [address=10.12.4.21:40001]
[2025/08/11 20:21:31.494 +08:00] [INFO] [proxy/service.go:601] ["Proxy wait for IndexCoord to be healthy done"]
[2025/08/11 20:21:31.494 +08:00] [INFO] [sessionutil/session_util.go:207] ["Session try to connect to etcd"]
[2025/08/11 20:21:31.494 +08:00] [INFO] [proxy/service.go:604] ["set IndexCoord client for Proxy done"]
[2025/08/11 20:21:31.494 +08:00] [INFO] [proxy/service.go:608] ["create QueryCoord client for Proxy"]
[2025/08/11 20:21:31.494 +08:00] [INFO] [sessionutil/session_util.go:222] ["Session connect to etcd success"]
[2025/08/11 20:21:31.494 +08:00] [INFO] [sessionutil/session_util.go:207] ["Session try to connect to etcd"]
[2025/08/11 20:21:31.499 +08:00] [INFO] [sessionutil/session_util.go:222] ["Session connect to etcd success"]
[2025/08/11 20:21:31.499 +08:00] [INFO] [proxy/service.go:614] ["create QueryCoord client for Proxy done"]
[2025/08/11 20:21:31.499 +08:00] [INFO] [proxy/service.go:617] ["init QueryCoord client for Proxy"]
[2025/08/11 20:21:31.499 +08:00] [INFO] [proxy/service.go:622] ["init QueryCoord client for Proxy done"]
[2025/08/11 20:21:31.501 +08:00] [INFO] [sessionutil/session_util.go:305] ["Session get serverID success"] [key=id] [ServerId=7]
[2025/08/11 20:21:31.501 +08:00] [WARN] [client/client.go:94] ["QueryCoordClient msess key not existed"] [key=querycoord]
[2025/08/11 20:21:31.501 +08:00] [INFO] [querycoordv2/server.go:209] [QueryCoord] [State=Initializing]
[2025/08/11 20:21:31.501 +08:00] [ERROR] [grpcclient/client.go:161] ["failed to get client address"] [error="find no available querycoord, check querycoord state"] [stack="github.com/milvus-io/milvus/internal/util/grpcclient.(*ClientBase[...]).connect\n\tD:/a/milvus-lite/milvus-lite/milvus_binary/milvus/internal/util/grpcclient/client.go:161\ngithub.com/milvus-io/milvus/internal/util/grpcclient.(*ClientBase[...]).GetGrpcClient\n\tD:/a/milvus-lite/milvus-lite/milvus_binary/milvus/internal/util/grpcclient/client.go:134\ngithub.com/milvus-io/milvus/internal/util/grpcclient.(*ClientBase[...]).call\n\tD:/a/milvus-lite/milvus-lite/milvus_binary/milvus/internal/util/grpcclient/client.go:272\ngithub.com/milvus-io/milvus/internal/util/grpcclient.(*ClientBase[...]).Call\n\tD:/a/milvus-lite/milvus-lite/milvus_binary/milvus/internal/util/grpcclient/client.go:367\ngithub.com/milvus-io/milvus/internal/util/grpcclient.(*ClientBase[...]).ReCall\n\tD:/a/milvus-lite/milvus-lite/milvus_binary/milvus/internal/util/grpcclient/client.go:382\ngithub.com/milvus-io/milvus/internal/distributed/querycoord/client.(*Client).GetComponentStates\n\tD:/a/milvus-lite/milvus-lite/milvus_binary/milvus/internal/distributed/querycoord/client/client.go:123\ngithub.com/milvus-io/milvus/internal/util/funcutil.WaitForComponentStates.func1\n\tD:/a/milvus-lite/milvus-lite/milvus_binary/milvus/internal/util/funcutil/func.go:75\ngithub.com/milvus-io/milvus/internal/util/retry.Do\n\tD:/a/milvus-lite/milvus-lite/milvus_binary/milvus/internal/util/retry/retry.go:39\ngithub.com/milvus-io/milvus/internal/util/funcutil.WaitForComponentStates\n\tD:/a/milvus-lite/milvus-lite/milvus_binary/milvus/internal/util/funcutil/func.go:99\ngithub.com/milvus-io/milvus/internal/util/funcutil.WaitForComponentHealthy\n\tD:/a/milvus-lite/milvus-lite/milvus_binary/milvus/internal/util/funcutil/func.go:114\ngithub.com/milvus-io/milvus/internal/distributed/proxy.(*Server).init\n\tD:/a/milvus-lite/milvus-lite/milvus_binary/milvus/internal/distributed/proxy/service.go:624\ngithub.com/milvus-io/milvus/internal/distributed/proxy.(*Server).Run\n\tD:/a/milvus-lite/milvus-lite/milvus_binary/milvus/internal/distributed/proxy/service.go:369\ngithub.com/milvus-io/milvus/cmd/components.(*Proxy).Run\n\tD:/a/milvus-lite/milvus-lite/milvus_binary/milvus/cmd/components/proxy.go:51\ngithub.com/milvus-io/milvus/cmd/roles.runComponent[...].func1\n\tD:/a/milvus-lite/milvus-lite/milvus_binary/milvus/cmd/roles/roles.go:123"]
[2025/08/11 20:21:31.501 +08:00] [INFO] [querycoordv2/server.go:214] ["query coordinator try to connect etcd success"]
[2025/08/11 20:21:31.504 +08:00] [WARN] [client/client.go:94] ["QueryCoordClient msess key not existed"] [key=querycoord]
[2025/08/11 20:21:31.504 +08:00] [INFO] [tso/tso.go:121] ["sync and save timestamp"] [last=0001/01/01 00:00:00.000 +00:00] [save=2025/08/11 20:21:34.501 +08:00] [next=2025/08/11 20:21:31.501 +08:00]
[2025/08/11 20:21:31.504 +08:00] [INFO] [querycoordv2/server.go:302] ["init meta"]
[2025/08/11 20:21:31.504 +08:00] [INFO] [querycoordv2/server.go:312] ["recover meta..."]
[2025/08/11 20:21:31.504 +08:00] [ERROR] [grpcclient/client.go:161] ["failed to get client address"] [error="find no available querycoord, check querycoord state"] [stack="github.com/milvus-io/milvus/internal/util/grpcclient.(*ClientBase[...]).connect\n\tD:/a/milvus-lite/milvus-lite/milvus_binary/milvus/internal/util/grpcclient/client.go:161\ngithub.com/milvus-io/milvus/internal/util/grpcclient.(*ClientBase[...]).GetGrpcClient\n\tD:/a/milvus-lite/milvus-lite/milvus_binary/milvus/internal/util/grpcclient/client.go:134\ngithub.com/milvus-io/milvus/internal/util/grpcclient.(*ClientBase[...]).call.func1\n\tD:/a/milvus-lite/milvus-lite/milvus_binary/milvus/internal/util/grpcclient/client.go:279\ngithub.com/milvus-io/milvus/internal/util/grpcclient.(*ClientBase[...]).call.func2\n\tD:/a/milvus-lite/milvus-lite/milvus_binary/milvus/internal/util/grpcclient/client.go:291\ngithub.com/milvus-io/milvus/internal/util/retry.Do\n\tD:/a/milvus-lite/milvus-lite/milvus_binary/milvus/internal/util/retry/retry.go:39\ngithub.com/milvus-io/milvus/internal/util/grpcclient.(*ClientBase[...]).call\n\tD:/a/milvus-lite/milvus-lite/milvus_binary/milvus/internal/util/grpcclient/client.go:287\ngithub.com/milvus-io/milvus/internal/util/grpcclient.(*ClientBase[...]).Call\n\tD:/a/milvus-lite/milvus-lite/milvus_binary/milvus/internal/util/grpcclient/client.go:367\ngithub.com/milvus-io/milvus/internal/util/grpcclient.(*ClientBase[...]).ReCall\n\tD:/a/milvus-lite/milvus-lite/milvus_binary/milvus/internal/util/grpcclient/client.go:382\ngithub.com/milvus-io/milvus/internal/distributed/querycoord/client.(*Client).GetComponentStates\n\tD:/a/milvus-lite/milvus-lite/milvus_binary/milvus/internal/distributed/querycoord/client/client.go:123\ngithub.com/milvus-io/milvus/internal/util/funcutil.WaitForComponentStates.func1\n\tD:/a/milvus-lite/milvus-lite/milvus_binary/milvus/internal/util/funcutil/func.go:75\ngithub.com/milvus-io/milvus/internal/util/retry.Do\n\tD:/a/milvus-lite/milvus-lite/milvus_binary/milvus/internal/util/retry/retry.go:39\ngithub.com/milvus-io/milvus/internal/util/funcutil.WaitForComponentStates\n\tD:/a/milvus-lite/milvus-lite/milvus_binary/milvus/internal/util/funcutil/func.go:99\ngithub.com/milvus-io/milvus/internal/util/funcutil.WaitForComponentHealthy\n\tD:/a/milvus-lite/milvus-lite/milvus_binary/milvus/internal/util/funcutil/func.go:114\ngithub.com/milvus-io/milvus/internal/distributed/proxy.(*Server).init\n\tD:/a/milvus-lite/milvus-lite/milvus_binary/milvus/internal/distributed/proxy/service.go:624\ngithub.com/milvus-io/milvus/internal/distributed/proxy.(*Server).Run\n\tD:/a/milvus-lite/milvus-lite/milvus_binary/milvus/internal/distributed/proxy/service.go:369\ngithub.com/milvus-io/milvus/cmd/components.(*Proxy).Run\n\tD:/a/milvus-lite/milvus-lite/milvus_binary/milvus/cmd/components/proxy.go:51\ngithub.com/milvus-io/milvus/cmd/roles.runComponent[...].func1\n\tD:/a/milvus-lite/milvus-lite/milvus_binary/milvus/cmd/roles/roles.go:123"]
[2025/08/11 20:21:31.504 +08:00] [INFO] [meta/collection_manager.go:89] ["recover collections and partitions from kv store"] [traceID=1754914891504246500]
[2025/08/11 20:21:31.504 +08:00] [INFO] [querycoordv2/server.go:238] ["init session"]
[2025/08/11 20:21:31.504 +08:00] [INFO] [querycoordv2/server.go:242] ["init schedulers"]
[2025/08/11 20:21:31.504 +08:00] [INFO] [querycoordv2/server.go:255] ["init dist controller"]
[2025/08/11 20:21:31.504 +08:00] [INFO] [querycoordv2/server.go:265] ["init all available balancer"]
[2025/08/11 20:21:31.504 +08:00] [INFO] [querycoordv2/server.go:274] ["use config balancer"] [balancer=ScoreBasedBalancer]
[2025/08/11 20:21:31.504 +08:00] [INFO] [querycoordv2/server.go:281] ["init checker controller"]
[2025/08/11 20:21:31.504 +08:00] [INFO] [querycoordv2/server.go:345] ["init observers"]
[2025/08/11 20:21:31.504 +08:00] [INFO] [querycoordv2/server.go:297] ["QueryCoord init success"]
[2025/08/11 20:21:31.504 +08:00] [INFO] [querycoord/service.go:105] ["QueryCoord init done ..."]
[2025/08/11 20:21:31.504 +08:00] [INFO] [sessionutil/session_util.go:368] ["service begin to register to etcd"] [serverName=querycoord] [ServerID=7]
[2025/08/11 20:21:31.509 +08:00] [INFO] [sessionutil/session_util.go:405] ["put session key into etcd"] [key=by-dev/meta/session/querycoord] [value="{\"ServerID\":7,\"ServerName\":\"querycoord\",\"Address\":\"10.12.4.21:40001\",\"Exclusive\":true,\"TriggerKill\":true,\"Version\":\"2.2.16\"}"]
[2025/08/11 20:21:31.509 +08:00] [INFO] [sessionutil/session_util.go:417] ["Service registered successfully"] [ServerName=querycoord] [serverID=7]
[2025/08/11 20:21:31.509 +08:00] [INFO] [sessionutil/session_util.go:690] ["watch services"] ["add kv"="key:\"by-dev/meta/session/querycoord\" create_revision:29 mod_revision:29 version:1 value:\"{\\\"ServerID\\\":7,\\\"ServerName\\\":\\\"querycoord\\\",\\\"Address\\\":\\\"10.12.4.21:40001\\\",\\\"Exclusive\\\":true,\\\"TriggerKill\\\":true,\\\"Version\\\":\\\"2.2.16\\\"}\" lease:7587888730422874262 "]
[2025/08/11 20:21:31.509 +08:00] [INFO] [querycoordv2/server.go:144] ["QueryCoord Register Finished"]
[2025/08/11 20:21:31.509 +08:00] [INFO] [sessionutil/session_util.go:718] [WatchService] ["event type"=SessionAddEvent]
[2025/08/11 20:21:31.509 +08:00] [INFO] [datacoord/server.go:713] ["there is a new service online"] ["server role"=QueryCoord] ["server ID"=7]
[2025/08/11 20:21:31.509 +08:00] [WARN] [sessionutil/session_util.go:337] ["fail to get the session key from the etcd"] []
[2025/08/11 20:21:31.509 +08:00] [INFO] [querycoordv2/server.go:388] ["start watcher..."]
[2025/08/11 20:21:31.509 +08:00] [INFO] [sessionutil/session_util.go:561] ["SessionUtil GetSessions "] [prefix=querynode] [key=querynode-3] [address=10.12.4.21:40002]
[2025/08/11 20:21:31.509 +08:00] [INFO] [sessionutil/session_util.go:532] ["SessionUtil GetSessions "] [prefix=querynode] [key=querynode-3] [address=10.12.4.21:40002]
[2025/08/11 20:21:31.509 +08:00] [INFO] [task/scheduler.go:226] ["add executor for new QueryNode"] [nodeID=3]
[2025/08/11 20:21:31.509 +08:00] [INFO] [dist/dist_handler.go:59] ["start dist handler"] [nodeID=3]
[2025/08/11 20:21:31.509 +08:00] [INFO] [meta/resource_manager.go:468] ["HandleNodeUp: add node to default resource group"] [rgName=__default_resource_group] [node=3]
[2025/08/11 20:21:31.509 +08:00] [INFO] [querycoordv2/server.go:726] ["HandleNodeUp: assign node to resource group"] [nodeID=3] [resourceGroup=__default_resource_group]
[2025/08/11 20:21:31.509 +08:00] [INFO] [querycoordv2/server.go:410] ["start recovering dist and target"]
[2025/08/11 20:21:31.520 +08:00] [INFO] [config/etcd_source.go:145] ["start refreshing configurations"]
[2025/08/11 20:21:31.531 +08:00] [DEBUG] [paramtable/grpc_param.go:263] ["Init client max send size"] [role=querynode] [grpc.clientMaxSendSize=104857600]
[2025/08/11 20:21:31.531 +08:00] [DEBUG] [paramtable/grpc_param.go:263] ["Init client max recv size"] [role=querynode] [grpc.clientMaxRecvSize=104857600]
[2025/08/11 20:21:31.531 +08:00] [DEBUG] [paramtable/grpc_param.go:263] ["Init dial timeout"] [role=querynode] [grpc.client.dialTimeout=104857600]
[2025/08/11 20:21:31.531 +08:00] [DEBUG] [paramtable/grpc_param.go:263] ["Init keep alive timeout"] [role=querynode] [grpc.client.keepAliveTimeout=104857600]
[2025/08/11 20:21:31.531 +08:00] [DEBUG] [paramtable/grpc_param.go:263] ["Init keep alive time"] [role=querynode] [grpc.client.keepAliveTime=104857600]
[2025/08/11 20:21:31.531 +08:00] [DEBUG] [paramtable/grpc_param.go:263] ["Init max attempts"] [role=querynode] [grpc.client.maxMaxAttempts=104857600]
[2025/08/11 20:21:31.531 +08:00] [DEBUG] [paramtable/grpc_param.go:263] ["Init initial back off"] [role=querynode] [grpc.client.initialBackOff=104857600]
[2025/08/11 20:21:31.531 +08:00] [DEBUG] [paramtable/grpc_param.go:263] ["Init max back off"] [role=querynode] [grpc.client.maxBackoff=104857600]
[2025/08/11 20:21:31.534 +08:00] [INFO] [querycoordv2/server.go:423] ["start cluster..."]
[2025/08/11 20:21:31.534 +08:00] [INFO] [querycoordv2/server.go:426] ["start job scheduler..."]
[2025/08/11 20:21:31.534 +08:00] [INFO] [querycoordv2/server.go:429] ["start task scheduler..."]
[2025/08/11 20:21:31.534 +08:00] [INFO] [querycoordv2/server.go:432] ["start checker controller..."]
[2025/08/11 20:21:31.534 +08:00] [INFO] [querycoordv2/server.go:435] ["start observers..."]
[2025/08/11 20:21:31.534 +08:00] [INFO] [observers/target_observer.go:96] ["Start update next target loop"]
[2025/08/11 20:21:31.534 +08:00] [INFO] [observers/replica_observer.go:64] ["Start check replica loop"]
[2025/08/11 20:21:31.534 +08:00] [INFO] [observers/resource_observer.go:61] ["Start check resource group loop"]
[2025/08/11 20:21:31.534 +08:00] [WARN] [sessionutil/session_util.go:1044] ["open server info file fail"] [filePath="\\tmp\\milvus\\server_id_31084"] [error="open \\tmp\\milvus\\server_id_31084: The system cannot find the path specified."]
[2025/08/11 20:21:31.534 +08:00] [INFO] [querycoordv2/server.go:382] ["QueryCoord started"]
[2025/08/11 20:21:31.535 +08:00] [INFO] [querycoord/service.go:110] ["QueryCoord start done ..."]
[2025/08/11 20:21:31.535 +08:00] [DEBUG] [components/query_coord.go:56] ["QueryCoord successfully started"]
[2025/08/11 20:21:31.597 +08:00] [INFO] [sessionutil/session_util.go:814] ["register session success"] [role=querycoord] [key=by-dev/meta/session/querycoord]
[2025/08/11 20:21:31.755 +08:00] [WARN] [grpcclient/client.go:290] ["grpc client is nil, maybe fail to get client in the retry state"] [client_role=querycoord]
[2025/08/11 20:21:31.755 +08:00] [INFO] [sessionutil/session_util.go:532] ["SessionUtil GetSessions "] [prefix=querycoord] [key=querycoord] [address=10.12.4.21:40001]
[2025/08/11 20:21:32.512 +08:00] [INFO] [sessionutil/session_util.go:532] ["SessionUtil GetSessions "] [prefix=querycoord] [key=querycoord] [address=10.12.4.21:40001]
[2025/08/11 20:21:34.524 +08:00] [DEBUG] [querynode/impl.go:112] ["Get QueryNode component state done"] [stateCode=Healthy]
[2025/08/11 20:21:34.524 +08:00] [INFO] [proxy/service.go:628] ["Proxy wait for QueryCoord to be healthy done"]
[2025/08/11 20:21:34.524 +08:00] [INFO] [proxy/service.go:631] ["set QueryCoord client for Proxy done"]
[2025/08/11 20:21:34.524 +08:00] [INFO] [proxy/service.go:633] ["update Proxy's state to Initializing"]
[2025/08/11 20:21:34.524 +08:00] [INFO] [proxy/service.go:636] ["init Proxy"]
[2025/08/11 20:21:34.524 +08:00] [INFO] [proxy/proxy.go:184] ["init session for Proxy"]
[2025/08/11 20:21:34.524 +08:00] [INFO] [sessionutil/session_util.go:207] ["Session try to connect to etcd"]
[2025/08/11 20:21:34.524 +08:00] [INFO] [sessionutil/session_util.go:222] ["Session connect to etcd success"]
[2025/08/11 20:21:34.530 +08:00] [INFO] [sessionutil/session_util.go:305] ["Session get serverID success"] [key=id] [ServerId=8]
[2025/08/11 20:21:34.531 +08:00] [WARN] [sessionutil/session_util.go:1044] ["open server info file fail"] [filePath="\\tmp\\milvus\\server_id_31084"] [error="open \\tmp\\milvus\\server_id_31084: The system cannot find the path specified."]
[2025/08/11 20:21:34.531 +08:00] [INFO] [proxy/proxy.go:189] ["init session for Proxy done"]
[2025/08/11 20:21:34.531 +08:00] [INFO] [proxy/proxy.go:192] ["init parameters for factory"] [role=proxy] [parametersError="json: unsupported type: func(log.Config)"]
[2025/08/11 20:21:34.531 +08:00] [INFO] [proxy/proxy.go:198] ["Proxy init rateCollector done"] [nodeID=8]
[2025/08/11 20:21:34.531 +08:00] [INFO] [proxy/proxy.go:200] ["create id allocator"] [role=proxy] [ProxyID=8]
[2025/08/11 20:21:34.531 +08:00] [INFO] [proxy/proxy.go:209] ["create id allocator done"] [role=proxy] [ProxyID=8]
[2025/08/11 20:21:34.531 +08:00] [DEBUG] [proxy/proxy.go:211] ["create timestamp allocator"] [role=proxy] [ProxyID=8]
[2025/08/11 20:21:34.531 +08:00] [INFO] [proxy/proxy.go:220] ["create timestamp allocator done"] [role=proxy] [ProxyID=8]
[2025/08/11 20:21:34.531 +08:00] [INFO] [proxy/proxy.go:222] ["create segment id assigner"] [role=proxy] [ProxyID=8]
[2025/08/11 20:21:34.531 +08:00] [INFO] [proxy/proxy.go:232] ["create segment id assigner done"] [role=proxy] [ProxyID=8]
[2025/08/11 20:21:34.531 +08:00] [INFO] [proxy/proxy.go:234] ["create channels manager"] [role=proxy]
[2025/08/11 20:21:34.531 +08:00] [INFO] [proxy/proxy.go:238] ["create channels manager done"] [role=proxy]
[2025/08/11 20:21:34.531 +08:00] [INFO] [proxy/proxy.go:240] ["create task scheduler"] [role=proxy]
[2025/08/11 20:21:34.531 +08:00] [INFO] [proxy/proxy.go:246] ["create task scheduler done"] [role=proxy]
[2025/08/11 20:21:34.531 +08:00] [INFO] [proxy/proxy.go:249] ["create channels time ticker"] [role=proxy] [syncTimeTickInterval=100ms]
[2025/08/11 20:21:34.532 +08:00] [INFO] [proxy/proxy.go:252] ["create channels time ticker done"] [role=proxy]
[2025/08/11 20:21:34.532 +08:00] [INFO] [proxy/proxy.go:254] ["create metrics cache manager"] [role=proxy]
[2025/08/11 20:21:34.532 +08:00] [INFO] [proxy/proxy.go:256] ["create metrics cache manager done"] [role=proxy]
[2025/08/11 20:21:34.532 +08:00] [INFO] [proxy/proxy.go:258] ["init meta cache"] [role=proxy]
[2025/08/11 20:21:34.533 +08:00] [INFO] [proxy/meta_cache.go:200] ["success to init meta cache"] [policy_infos="[\"{\\\"PType\\\":\\\"p\\\",\\\"V0\\\":\\\"public\\\",\\\"V1\\\":\\\"Collection-*.*\\\",\\\"V2\\\":\\\"PrivilegeIndexDetail\\\"}\",\"{\\\"PType\\\":\\\"p\\\",\\\"V0\\\":\\\"public\\\",\\\"V1\\\":\\\"Global-*.*\\\",\\\"V2\\\":\\\"PrivilegeDescribeCollection\\\"}\",\"{\\\"PType\\\":\\\"p\\\",\\\"V0\\\":\\\"public\\\",\\\"V1\\\":\\\"Global-*.*\\\",\\\"V2\\\":\\\"PrivilegeShowCollections\\\"}\"]"]
[2025/08/11 20:21:34.533 +08:00] [INFO] [proxy/proxy.go:263] ["init meta cache done"] [role=proxy]
[2025/08/11 20:21:34.533 +08:00] [INFO] [proxy/meta_cache.go:840] ["updating shard leader cache every"] [interval=3s]
[2025/08/11 20:21:34.533 +08:00] [INFO] [proxy/service.go:641] ["init Proxy done"]
[2025/08/11 20:21:34.533 +08:00] [INFO] [proxy/service.go:374] ["start Proxy server"]
[2025/08/11 20:21:34.533 +08:00] [INFO] [proxy/proxy.go:352] ["start task scheduler"] [role=proxy]
[2025/08/11 20:21:34.533 +08:00] [INFO] [proxy/proxy.go:357] ["start task scheduler done"] [role=proxy]
[2025/08/11 20:21:34.533 +08:00] [INFO] [proxy/proxy.go:359] ["start id allocator"] [role=proxy]
[2025/08/11 20:21:34.533 +08:00] [INFO] [proxy/proxy.go:364] ["start id allocator done"] [role=proxy]
[2025/08/11 20:21:34.533 +08:00] [INFO] [proxy/proxy.go:366] ["start segment id assigner"] [role=proxy]
[2025/08/11 20:21:34.533 +08:00] [INFO] [proxy/proxy.go:371] ["start segment id assigner done"] [role=proxy]
[2025/08/11 20:21:34.533 +08:00] [INFO] [proxy/proxy.go:373] ["start channels time ticker"] [role=proxy]
[2025/08/11 20:21:34.533 +08:00] [INFO] [proxy/proxy.go:378] ["start channels time ticker done"] [role=proxy]
[2025/08/11 20:21:34.533 +08:00] [INFO] [proxy/proxy.go:391] ["update state code"] [role=proxy] [State=Healthy]
[2025/08/11 20:21:34.533 +08:00] [INFO] [sessionutil/session_util.go:368] ["service begin to register to etcd"] [serverName=proxy] [ServerID=8]
[2025/08/11 20:21:34.538 +08:00] [INFO] [sessionutil/session_util.go:405] ["put session key into etcd"] [key=by-dev/meta/session/proxy-8] [value="{\"ServerID\":8,\"ServerName\":\"proxy\",\"Address\":\"10.12.4.21:19529\",\"TriggerKill\":true,\"Version\":\"2.2.16\"}"]
[2025/08/11 20:21:34.538 +08:00] [INFO] [rootcoord/proxy_manager.go:150] ["received proxy put event with session"] [session="Session:<ServerID: 8, ServerName: proxy, Version: 2.2.16>"]
[2025/08/11 20:21:34.538 +08:00] [INFO] [sessionutil/session_util.go:417] ["Service registered successfully"] [ServerName=proxy] [serverID=8]
[2025/08/11 20:21:34.538 +08:00] [INFO] [rootcoord/timeticksync.go:226] ["Add session for timeticksync"] [serverID=8]
[2025/08/11 20:21:34.538 +08:00] [INFO] [proxy/proxy.go:135] ["Proxy Register Finished"]
[2025/08/11 20:21:34.538 +08:00] [WARN] [sessionutil/session_util.go:337] ["fail to get the session key from the etcd"] []
[2025/08/11 20:21:34.538 +08:00] [INFO] [proxy/service.go:660] ["start Proxy http server"]
[2025/08/11 20:21:34.538 +08:00] [INFO] [proxy/service.go:379] ["start Proxy server done"]
[2025/08/11 20:21:34.538 +08:00] [INFO] [components/proxy.go:55] ["Proxy successfully started"]
[2025/08/11 20:21:34.548 +08:00] [INFO] [config/etcd_source.go:145] ["start refreshing configurations"]
[2025/08/11 20:21:34.561 +08:00] [DEBUG] [paramtable/grpc_param.go:263] ["Init client max send size"] [role=proxy] [grpc.clientMaxSendSize=104857600]
[2025/08/11 20:21:34.561 +08:00] [DEBUG] [paramtable/grpc_param.go:263] ["Init client max recv size"] [role=proxy] [grpc.clientMaxRecvSize=104857600]
[2025/08/11 20:21:34.561 +08:00] [DEBUG] [paramtable/grpc_param.go:263] ["Init dial timeout"] [role=proxy] [grpc.client.dialTimeout=104857600]
[2025/08/11 20:21:34.561 +08:00] [DEBUG] [paramtable/grpc_param.go:263] ["Init keep alive timeout"] [role=proxy] [grpc.client.keepAliveTimeout=104857600]
[2025/08/11 20:21:34.561 +08:00] [DEBUG] [paramtable/grpc_param.go:263] ["Init keep alive time"] [role=proxy] [grpc.client.keepAliveTime=104857600]
[2025/08/11 20:21:34.561 +08:00] [DEBUG] [paramtable/grpc_param.go:263] ["Init max attempts"] [role=proxy] [grpc.client.maxMaxAttempts=104857600]
[2025/08/11 20:21:34.561 +08:00] [DEBUG] [paramtable/grpc_param.go:263] ["Init initial back off"] [role=proxy] [grpc.client.initialBackOff=104857600]
[2025/08/11 20:21:34.561 +08:00] [DEBUG] [paramtable/grpc_param.go:263] ["Init max back off"] [role=proxy] [grpc.client.maxBackoff=104857600]
[2025/08/11 20:21:34.561 +08:00] [INFO] [rootcoord/proxy_client_manager.go:110] ["succeed to create proxy client"] [address=10.12.4.21:19529] [serverID=8]
[2025/08/11 20:21:34.579 +08:00] [INFO] [sessionutil/session_util.go:814] ["register session success"] [role=proxy] [key=by-dev/meta/session/proxy-8]
[2025/08/11 20:21:35.693 +08:00] [INFO] [sessionutil/session_util.go:532] ["SessionUtil GetSessions "] [prefix=rootcoord] [key=rootcoord] [address=10.12.4.21:40000]
[2025/08/11 20:21:35.693 +08:00] [INFO] [client/client.go:109] ["RootCoordClient GetSessions success"] [address=10.12.4.21:40000]
[2025/08/11 20:21:35.781 +08:00] [DEBUG] [proxy/impl.go:4217] [Proxy.GetProxyMetrics] [traceID=53d60cafaaa3af48] [nodeID=8] [req="{\"metric_type\":\"system_info\"}"] [metricType=system_info]
[2025/08/11 20:21:37.520 +08:00] [DEBUG] [querynode/impl.go:112] ["Get QueryNode component state done"] [stateCode=Healthy]
[2025/08/11 20:21:37.743 +08:00] [DEBUG] [proxy/impl.go:4217] [Proxy.GetProxyMetrics] [traceID=6e38d34032441ef3] [nodeID=8] [req="{\"metric_type\":\"system_info\"}"] [metricType=system_info]
[2025/08/11 20:21:39.583 +08:00] [WARN] [roles/roles.go:266] ["Get signal to exit"] [signal=interrupt]
[2025/08/11 20:21:39.583 +08:00] [INFO] [rootcoord/service.go:314] ["Rootcoord stop"] [Address=10.12.4.21:40000]
